<?xml version="1.0" encoding="UTF-8"?>
<testsuites>
  <testsuite name="eLife Sciences API SDK" tests="1313" assertions="29182" failures="0" errors="0" time="19.213436">
    <testsuite name="test\eLife\ApiSdk\ApiSdkTest" file="/home/giorgio/code/api-sdk-php/test/ApiSdkTest.php" tests="39" assertions="13" failures="0" errors="0" time="0.335419">
      <testcase name="it_creates_annual_reports" class="test\eLife\ApiSdk\ApiSdkTest" file="/home/giorgio/code/api-sdk-php/test/ApiSdkTest.php" line="39" assertions="1" time="0.073121"/>
      <testcase name="it_creates_articles" class="test\eLife\ApiSdk\ApiSdkTest" file="/home/giorgio/code/api-sdk-php/test/ApiSdkTest.php" line="51" assertions="1" time="0.065898"/>
      <testcase name="it_creates_blog_articles" class="test\eLife\ApiSdk\ApiSdkTest" file="/home/giorgio/code/api-sdk-php/test/ApiSdkTest.php" line="64" assertions="1" time="0.011344"/>
      <testcase name="it_creates_collections" class="test\eLife\ApiSdk\ApiSdkTest" file="/home/giorgio/code/api-sdk-php/test/ApiSdkTest.php" line="77" assertions="1" time="0.020415"/>
      <testcase name="it_creates_events" class="test\eLife\ApiSdk\ApiSdkTest" file="/home/giorgio/code/api-sdk-php/test/ApiSdkTest.php" line="89" assertions="1" time="0.001282"/>
      <testcase name="it_creates_interviews" class="test\eLife\ApiSdk\ApiSdkTest" file="/home/giorgio/code/api-sdk-php/test/ApiSdkTest.php" line="102" assertions="1" time="0.008587"/>
      <testcase name="it_creates_labs_experiments" class="test\eLife\ApiSdk\ApiSdkTest" file="/home/giorgio/code/api-sdk-php/test/ApiSdkTest.php" line="114" assertions="1" time="0.008875"/>
      <testcase name="it_creates_medium_articles" class="test\eLife\ApiSdk\ApiSdkTest" file="/home/giorgio/code/api-sdk-php/test/ApiSdkTest.php" line="126" assertions="1" time="0.011354"/>
      <testcase name="it_creates_people" class="test\eLife\ApiSdk\ApiSdkTest" file="/home/giorgio/code/api-sdk-php/test/ApiSdkTest.php" line="141" assertions="1" time="0.007319"/>
      <testcase name="it_creates_podcast_episodes" class="test\eLife\ApiSdk\ApiSdkTest" file="/home/giorgio/code/api-sdk-php/test/ApiSdkTest.php" line="154" assertions="1" time="0.010664"/>
      <testcase name="it_creates_searches" class="test\eLife\ApiSdk\ApiSdkTest" file="/home/giorgio/code/api-sdk-php/test/ApiSdkTest.php" line="166" assertions="2" time="0.098706"/>
      <testcase name="it_creates_subjects" class="test\eLife\ApiSdk\ApiSdkTest" file="/home/giorgio/code/api-sdk-php/test/ApiSdkTest.php" line="179" assertions="1" time="0.004133"/>
      <testcase name="it_support_encoding" class="test\eLife\ApiSdk\ApiSdkTest" file="/home/giorgio/code/api-sdk-php/test/ApiSdkTest.php" line="191" assertions="0" time="0.000569"/>
      <testcase name="it_support_decoding" class="test\eLife\ApiSdk\ApiSdkTest" file="/home/giorgio/code/api-sdk-php/test/ApiSdkTest.php" line="199" assertions="0" time="0.000506"/>
      <testsuite name="test\eLife\ApiSdk\ApiSdkTest::it_can_denormalize_blocks" tests="12" assertions="0" failures="0" errors="0" time="0.006240">
        <testcase name="it_can_denormalize_blocks with data set #0" assertions="0" time="0.000474"/>
        <testcase name="it_can_denormalize_blocks with data set #1" assertions="0" time="0.000492"/>
        <testcase name="it_can_denormalize_blocks with data set #2" assertions="0" time="0.000489"/>
        <testcase name="it_can_denormalize_blocks with data set #3" assertions="0" time="0.000513"/>
        <testcase name="it_can_denormalize_blocks with data set #4" assertions="0" time="0.000483"/>
        <testcase name="it_can_denormalize_blocks with data set #5" assertions="0" time="0.000481"/>
        <testcase name="it_can_denormalize_blocks with data set #6" assertions="0" time="0.000480"/>
        <testcase name="it_can_denormalize_blocks with data set #7" assertions="0" time="0.000474"/>
        <testcase name="it_can_denormalize_blocks with data set #8" assertions="0" time="0.000652"/>
        <testcase name="it_can_denormalize_blocks with data set #9" assertions="0" time="0.000690"/>
        <testcase name="it_can_denormalize_blocks with data set #10" assertions="0" time="0.000517"/>
        <testcase name="it_can_denormalize_blocks with data set #11" assertions="0" time="0.000495"/>
      </testsuite>
      <testsuite name="test\eLife\ApiSdk\ApiSdkTest::it_can_denormalize_references" tests="13" assertions="0" failures="0" errors="0" time="0.006406">
        <testcase name="it_can_denormalize_references with data set #0" assertions="0" time="0.000468"/>
        <testcase name="it_can_denormalize_references with data set #1" assertions="0" time="0.000491"/>
        <testcase name="it_can_denormalize_references with data set #2" assertions="0" time="0.000493"/>
        <testcase name="it_can_denormalize_references with data set #3" assertions="0" time="0.000502"/>
        <testcase name="it_can_denormalize_references with data set #4" assertions="0" time="0.000493"/>
        <testcase name="it_can_denormalize_references with data set #5" assertions="0" time="0.000494"/>
        <testcase name="it_can_denormalize_references with data set #6" assertions="0" time="0.000491"/>
        <testcase name="it_can_denormalize_references with data set #7" assertions="0" time="0.000494"/>
        <testcase name="it_can_denormalize_references with data set #8" assertions="0" time="0.000486"/>
        <testcase name="it_can_denormalize_references with data set #9" assertions="0" time="0.000495"/>
        <testcase name="it_can_denormalize_references with data set #10" assertions="0" time="0.000519"/>
        <testcase name="it_can_denormalize_references with data set #11" assertions="0" time="0.000491"/>
        <testcase name="it_can_denormalize_references with data set #12" assertions="0" time="0.000489"/>
      </testsuite>
    </testsuite>
    <testsuite name="test\eLife\ApiSdk\Client\AnnualReportsTest" file="/home/giorgio/code/api-sdk-php/test/Client/AnnualReportsTest.php" tests="18" assertions="451" failures="0" errors="0" time="0.449334">
      <testcase name="it_is_a_sequence" class="test\eLife\ApiSdk\Client\AnnualReportsTest" file="/home/giorgio/code/api-sdk-php/test/Client/AnnualReportsTest.php" line="33" assertions="1" time="0.000468"/>
      <testcase name="it_can_be_traversed" class="test\eLife\ApiSdk\Client\AnnualReportsTest" file="/home/giorgio/code/api-sdk-php/test/Client/AnnualReportsTest.php" line="41" assertions="400" time="0.094887"/>
      <testcase name="it_can_be_counted" class="test\eLife\ApiSdk\Client\AnnualReportsTest" file="/home/giorgio/code/api-sdk-php/test/Client/AnnualReportsTest.php" line="56" assertions="2" time="0.005346"/>
      <testcase name="it_casts_to_an_array" class="test\eLife\ApiSdk\Client\AnnualReportsTest" file="/home/giorgio/code/api-sdk-php/test/Client/AnnualReportsTest.php" line="67" assertions="21" time="0.013045"/>
      <testcase name="it_gets_an_annual_report" class="test\eLife\ApiSdk\Client\AnnualReportsTest" file="/home/giorgio/code/api-sdk-php/test/Client/AnnualReportsTest.php" line="85" assertions="2" time="0.004470"/>
      <testcase name="it_reuses_already_known_annual_reports" class="test\eLife\ApiSdk\Client\AnnualReportsTest" file="/home/giorgio/code/api-sdk-php/test/Client/AnnualReportsTest.php" line="98" assertions="2" time="0.021458"/>
      <testsuite name="test\eLife\ApiSdk\Client\AnnualReportsTest::it_can_be_sliced" tests="3" assertions="6" failures="0" errors="0" time="0.030845">
        <testcase name="it_can_be_sliced with data set &quot;offset 1, length 1&quot;" assertions="2" time="0.005722"/>
        <testcase name="it_can_be_sliced with data set &quot;offset -2, no length&quot;" assertions="4" time="0.012486"/>
        <testcase name="it_can_be_sliced with data set &quot;offset 6, no length&quot;" assertions="0" time="0.012637"/>
      </testsuite>
      <testsuite name="test\eLife\ApiSdk\Client\AnnualReportsTest::it_can_be_mapped" tests="3" assertions="3" failures="0" errors="0" time="0.032644">
        <testcase name="it_can_be_mapped with data set &quot;offset 1, length 1&quot;" assertions="1" time="0.010292"/>
        <testcase name="it_can_be_mapped with data set &quot;offset -2, no length&quot;" assertions="1" time="0.012181"/>
        <testcase name="it_can_be_mapped with data set &quot;offset 6, no length&quot;" assertions="1" time="0.010171"/>
      </testsuite>
      <testcase name="it_can_be_filtered" class="test\eLife\ApiSdk\Client\AnnualReportsTest" file="/home/giorgio/code/api-sdk-php/test/Client/AnnualReportsTest.php" line="178" assertions="2" time="0.010619"/>
      <testcase name="it_can_be_reduced" class="test\eLife\ApiSdk\Client\AnnualReportsTest" file="/home/giorgio/code/api-sdk-php/test/Client/AnnualReportsTest.php" line="195" assertions="1" time="0.014122"/>
      <testcase name="it_can_be_sorted" class="test\eLife\ApiSdk\Client\AnnualReportsTest" file="/home/giorgio/code/api-sdk-php/test/Client/AnnualReportsTest.php" line="210" assertions="5" time="0.012176"/>
      <testcase name="it_can_be_reversed" class="test\eLife\ApiSdk\Client\AnnualReportsTest" file="/home/giorgio/code/api-sdk-php/test/Client/AnnualReportsTest.php" line="227" assertions="5" time="0.013573"/>
      <testcase name="it_does_not_recount_when_reversed" class="test\eLife\ApiSdk\Client\AnnualReportsTest" file="/home/giorgio/code/api-sdk-php/test/Client/AnnualReportsTest.php" line="240" assertions="1" time="0.005690"/>
      <testcase name="it_fetches_pages_again_when_reversed" class="test\eLife\ApiSdk\Client\AnnualReportsTest" file="/home/giorgio/code/api-sdk-php/test/Client/AnnualReportsTest.php" line="252" assertions="0" time="0.189991"/>
    </testsuite>
    <testsuite name="test\eLife\ApiSdk\Client\ArticlesTest" file="/home/giorgio/code/api-sdk-php/test/Client/ArticlesTest.php" tests="21" assertions="465" failures="0" errors="0" time="0.709423">
      <testcase name="it_is_a_sequence" class="test\eLife\ApiSdk\Client\ArticlesTest" file="/home/giorgio/code/api-sdk-php/test/Client/ArticlesTest.php" line="30" assertions="1" time="0.000655"/>
      <testcase name="it_can_be_traversed" class="test\eLife\ApiSdk\Client\ArticlesTest" file="/home/giorgio/code/api-sdk-php/test/Client/ArticlesTest.php" line="38" assertions="400" time="0.097565"/>
      <testcase name="it_can_be_counted" class="test\eLife\ApiSdk\Client\ArticlesTest" file="/home/giorgio/code/api-sdk-php/test/Client/ArticlesTest.php" line="53" assertions="2" time="0.006543"/>
      <testcase name="it_casts_to_an_array" class="test\eLife\ApiSdk\Client\ArticlesTest" file="/home/giorgio/code/api-sdk-php/test/Client/ArticlesTest.php" line="64" assertions="21" time="0.013856"/>
      <testcase name="it_gets_an_article" class="test\eLife\ApiSdk\Client\ArticlesTest" file="/home/giorgio/code/api-sdk-php/test/Client/ArticlesTest.php" line="82" assertions="8" time="0.064928"/>
      <testcase name="it_reuses_already_known_articles" class="test\eLife\ApiSdk\Client\ArticlesTest" file="/home/giorgio/code/api-sdk-php/test/Client/ArticlesTest.php" line="105" assertions="4" time="0.030252"/>
      <testcase name="it_can_be_filtered_by_subject" class="test\eLife\ApiSdk\Client\ArticlesTest" file="/home/giorgio/code/api-sdk-php/test/Client/ArticlesTest.php" line="126" assertions="5" time="0.013033"/>
      <testcase name="it_recounts_when_filtering_by_subject" class="test\eLife\ApiSdk\Client\ArticlesTest" file="/home/giorgio/code/api-sdk-php/test/Client/ArticlesTest.php" line="139" assertions="1" time="0.010015"/>
      <testcase name="it_fetches_pages_again_when_filtering_by_subject" class="test\eLife\ApiSdk\Client\ArticlesTest" file="/home/giorgio/code/api-sdk-php/test/Client/ArticlesTest.php" line="153" assertions="0" time="0.163489"/>
      <testsuite name="test\eLife\ApiSdk\Client\ArticlesTest::it_can_be_sliced" tests="3" assertions="6" failures="0" errors="0" time="0.032850">
        <testcase name="it_can_be_sliced with data set &quot;offset 1, length 1&quot;" assertions="2" time="0.005780"/>
        <testcase name="it_can_be_sliced with data set &quot;offset -2, no length&quot;" assertions="4" time="0.012221"/>
        <testcase name="it_can_be_sliced with data set &quot;offset 6, no length&quot;" assertions="0" time="0.014849"/>
      </testsuite>
      <testsuite name="test\eLife\ApiSdk\Client\ArticlesTest::it_can_be_mapped" tests="3" assertions="3" failures="0" errors="0" time="0.038332">
        <testcase name="it_can_be_mapped with data set &quot;offset 1, length 1&quot;" assertions="1" time="0.012164"/>
        <testcase name="it_can_be_mapped with data set &quot;offset -2, no length&quot;" assertions="1" time="0.011942"/>
        <testcase name="it_can_be_mapped with data set &quot;offset 6, no length&quot;" assertions="1" time="0.014226"/>
      </testsuite>
      <testcase name="it_can_be_filtered" class="test\eLife\ApiSdk\Client\ArticlesTest" file="/home/giorgio/code/api-sdk-php/test/Client/ArticlesTest.php" line="235" assertions="2" time="0.013128"/>
      <testcase name="it_can_be_reduced" class="test\eLife\ApiSdk\Client\ArticlesTest" file="/home/giorgio/code/api-sdk-php/test/Client/ArticlesTest.php" line="252" assertions="1" time="0.014928"/>
      <testcase name="it_can_be_sorted" class="test\eLife\ApiSdk\Client\ArticlesTest" file="/home/giorgio/code/api-sdk-php/test/Client/ArticlesTest.php" line="267" assertions="5" time="0.012854"/>
      <testcase name="it_can_be_reversed" class="test\eLife\ApiSdk\Client\ArticlesTest" file="/home/giorgio/code/api-sdk-php/test/Client/ArticlesTest.php" line="284" assertions="5" time="0.014910"/>
      <testcase name="it_does_not_recount_when_reversed" class="test\eLife\ApiSdk\Client\ArticlesTest" file="/home/giorgio/code/api-sdk-php/test/Client/ArticlesTest.php" line="297" assertions="1" time="0.006524"/>
      <testcase name="it_fetches_pages_again_when_reversed" class="test\eLife\ApiSdk\Client\ArticlesTest" file="/home/giorgio/code/api-sdk-php/test/Client/ArticlesTest.php" line="309" assertions="0" time="0.175561"/>
    </testsuite>
    <testsuite name="test\eLife\ApiSdk\Client\BlogArticlesTest" file="/home/giorgio/code/api-sdk-php/test/Client/BlogArticlesTest.php" tests="21" assertions="464" failures="0" errors="0" time="0.487492">
      <testcase name="it_is_a_sequence" class="test\eLife\ApiSdk\Client\BlogArticlesTest" file="/home/giorgio/code/api-sdk-php/test/Client/BlogArticlesTest.php" line="29" assertions="1" time="0.000739"/>
      <testcase name="it_can_be_traversed" class="test\eLife\ApiSdk\Client\BlogArticlesTest" file="/home/giorgio/code/api-sdk-php/test/Client/BlogArticlesTest.php" line="37" assertions="400" time="0.077909"/>
      <testcase name="it_can_be_counted" class="test\eLife\ApiSdk\Client\BlogArticlesTest" file="/home/giorgio/code/api-sdk-php/test/Client/BlogArticlesTest.php" line="52" assertions="2" time="0.005383"/>
      <testcase name="it_casts_to_an_array" class="test\eLife\ApiSdk\Client\BlogArticlesTest" file="/home/giorgio/code/api-sdk-php/test/Client/BlogArticlesTest.php" line="63" assertions="21" time="0.011671"/>
      <testcase name="it_gets_a_blog_article" class="test\eLife\ApiSdk\Client\BlogArticlesTest" file="/home/giorgio/code/api-sdk-php/test/Client/BlogArticlesTest.php" line="81" assertions="7" time="0.013330"/>
      <testcase name="it_reuses_already_known_blog_articles" class="test\eLife\ApiSdk\Client\BlogArticlesTest" file="/home/giorgio/code/api-sdk-php/test/Client/BlogArticlesTest.php" line="105" assertions="4" time="0.017406"/>
      <testcase name="it_can_be_filtered_by_subject" class="test\eLife\ApiSdk\Client\BlogArticlesTest" file="/home/giorgio/code/api-sdk-php/test/Client/BlogArticlesTest.php" line="126" assertions="5" time="0.009855"/>
      <testcase name="it_recounts_when_filtering_by_subject" class="test\eLife\ApiSdk\Client\BlogArticlesTest" file="/home/giorgio/code/api-sdk-php/test/Client/BlogArticlesTest.php" line="139" assertions="1" time="0.010481"/>
      <testcase name="it_fetches_pages_again_when_filtering_by_subject" class="test\eLife\ApiSdk\Client\BlogArticlesTest" file="/home/giorgio/code/api-sdk-php/test/Client/BlogArticlesTest.php" line="153" assertions="0" time="0.107453"/>
      <testsuite name="test\eLife\ApiSdk\Client\BlogArticlesTest::it_can_be_sliced" tests="3" assertions="6" failures="0" errors="0" time="0.025903">
        <testcase name="it_can_be_sliced with data set &quot;offset 1, length 1&quot;" assertions="2" time="0.005282"/>
        <testcase name="it_can_be_sliced with data set &quot;offset -2, no length&quot;" assertions="4" time="0.010782"/>
        <testcase name="it_can_be_sliced with data set &quot;offset 6, no length&quot;" assertions="0" time="0.009839"/>
      </testsuite>
      <testsuite name="test\eLife\ApiSdk\Client\BlogArticlesTest::it_can_be_mapped" tests="3" assertions="3" failures="0" errors="0" time="0.030798">
        <testcase name="it_can_be_mapped with data set &quot;offset 1, length 1&quot;" assertions="1" time="0.011498"/>
        <testcase name="it_can_be_mapped with data set &quot;offset -2, no length&quot;" assertions="1" time="0.009713"/>
        <testcase name="it_can_be_mapped with data set &quot;offset 6, no length&quot;" assertions="1" time="0.009587"/>
      </testsuite>
      <testcase name="it_can_be_filtered" class="test\eLife\ApiSdk\Client\BlogArticlesTest" file="/home/giorgio/code/api-sdk-php/test/Client/BlogArticlesTest.php" line="235" assertions="2" time="0.031875"/>
      <testcase name="it_can_be_reduced" class="test\eLife\ApiSdk\Client\BlogArticlesTest" file="/home/giorgio/code/api-sdk-php/test/Client/BlogArticlesTest.php" line="252" assertions="1" time="0.010198"/>
      <testcase name="it_can_be_sorted" class="test\eLife\ApiSdk\Client\BlogArticlesTest" file="/home/giorgio/code/api-sdk-php/test/Client/BlogArticlesTest.php" line="267" assertions="5" time="0.009986"/>
      <testcase name="it_can_be_reversed" class="test\eLife\ApiSdk\Client\BlogArticlesTest" file="/home/giorgio/code/api-sdk-php/test/Client/BlogArticlesTest.php" line="284" assertions="5" time="0.010559"/>
      <testcase name="it_does_not_recount_when_reversed" class="test\eLife\ApiSdk\Client\BlogArticlesTest" file="/home/giorgio/code/api-sdk-php/test/Client/BlogArticlesTest.php" line="297" assertions="1" time="0.006024"/>
      <testcase name="it_fetches_pages_again_when_reversed" class="test\eLife\ApiSdk\Client\BlogArticlesTest" file="/home/giorgio/code/api-sdk-php/test/Client/BlogArticlesTest.php" line="309" assertions="0" time="0.107922"/>
    </testsuite>
    <testsuite name="test\eLife\ApiSdk\Client\CollectionsTest" file="/home/giorgio/code/api-sdk-php/test/Client/CollectionsTest.php" tests="21" assertions="464" failures="0" errors="0" time="1.965536">
      <testcase name="it_is_a_sequence" class="test\eLife\ApiSdk\Client\CollectionsTest" file="/home/giorgio/code/api-sdk-php/test/Client/CollectionsTest.php" line="29" assertions="1" time="0.000856"/>
      <testcase name="it_can_be_traversed" class="test\eLife\ApiSdk\Client\CollectionsTest" file="/home/giorgio/code/api-sdk-php/test/Client/CollectionsTest.php" line="37" assertions="400" time="0.346099"/>
      <testcase name="it_can_be_counted" class="test\eLife\ApiSdk\Client\CollectionsTest" file="/home/giorgio/code/api-sdk-php/test/Client/CollectionsTest.php" line="52" assertions="2" time="0.009103"/>
      <testcase name="it_casts_to_an_array" class="test\eLife\ApiSdk\Client\CollectionsTest" file="/home/giorgio/code/api-sdk-php/test/Client/CollectionsTest.php" line="63" assertions="21" time="0.030411"/>
      <testcase name="it_gets_a_collection" class="test\eLife\ApiSdk\Client\CollectionsTest" file="/home/giorgio/code/api-sdk-php/test/Client/CollectionsTest.php" line="81" assertions="7" time="0.027452"/>
      <testcase name="it_reuses_already_known_collections" class="test\eLife\ApiSdk\Client\CollectionsTest" file="/home/giorgio/code/api-sdk-php/test/Client/CollectionsTest.php" line="106" assertions="4" time="0.035813"/>
      <testcase name="it_can_be_filtered_by_subject" class="test\eLife\ApiSdk\Client\CollectionsTest" file="/home/giorgio/code/api-sdk-php/test/Client/CollectionsTest.php" line="127" assertions="5" time="0.024161"/>
      <testcase name="it_recounts_when_filtering_by_subject" class="test\eLife\ApiSdk\Client\CollectionsTest" file="/home/giorgio/code/api-sdk-php/test/Client/CollectionsTest.php" line="140" assertions="1" time="0.016696"/>
      <testcase name="it_fetches_pages_again_when_filtering_by_subject" class="test\eLife\ApiSdk\Client\CollectionsTest" file="/home/giorgio/code/api-sdk-php/test/Client/CollectionsTest.php" line="154" assertions="0" time="0.620979"/>
      <testsuite name="test\eLife\ApiSdk\Client\CollectionsTest::it_can_be_sliced" tests="3" assertions="6" failures="0" errors="0" time="0.090185">
        <testcase name="it_can_be_sliced with data set &quot;offset 1, length 1&quot;" assertions="2" time="0.008997"/>
        <testcase name="it_can_be_sliced with data set &quot;offset -2, no length&quot;" assertions="4" time="0.058368"/>
        <testcase name="it_can_be_sliced with data set &quot;offset 6, no length&quot;" assertions="0" time="0.022820"/>
      </testsuite>
      <testsuite name="test\eLife\ApiSdk\Client\CollectionsTest::it_can_be_mapped" tests="3" assertions="3" failures="0" errors="0" time="0.062300">
        <testcase name="it_can_be_mapped with data set &quot;offset 1, length 1&quot;" assertions="1" time="0.021403"/>
        <testcase name="it_can_be_mapped with data set &quot;offset -2, no length&quot;" assertions="1" time="0.021486"/>
        <testcase name="it_can_be_mapped with data set &quot;offset 6, no length&quot;" assertions="1" time="0.019411"/>
      </testsuite>
      <testcase name="it_can_be_filtered" class="test\eLife\ApiSdk\Client\CollectionsTest" file="/home/giorgio/code/api-sdk-php/test/Client/CollectionsTest.php" line="239" assertions="2" time="0.024256"/>
      <testcase name="it_can_be_reduced" class="test\eLife\ApiSdk\Client\CollectionsTest" file="/home/giorgio/code/api-sdk-php/test/Client/CollectionsTest.php" line="256" assertions="1" time="0.024465"/>
      <testcase name="it_can_be_sorted" class="test\eLife\ApiSdk\Client\CollectionsTest" file="/home/giorgio/code/api-sdk-php/test/Client/CollectionsTest.php" line="271" assertions="5" time="0.024056"/>
      <testcase name="it_can_be_reversed" class="test\eLife\ApiSdk\Client\CollectionsTest" file="/home/giorgio/code/api-sdk-php/test/Client/CollectionsTest.php" line="288" assertions="5" time="0.021204"/>
      <testcase name="it_does_not_recount_when_reversed" class="test\eLife\ApiSdk\Client\CollectionsTest" file="/home/giorgio/code/api-sdk-php/test/Client/CollectionsTest.php" line="301" assertions="1" time="0.010533"/>
      <testcase name="it_fetches_pages_again_when_reversed" class="test\eLife\ApiSdk\Client\CollectionsTest" file="/home/giorgio/code/api-sdk-php/test/Client/CollectionsTest.php" line="313" assertions="0" time="0.596967"/>
    </testsuite>
    <testsuite name="test\eLife\ApiSdk\Client\EventsTest" file="/home/giorgio/code/api-sdk-php/test/Client/EventsTest.php" tests="21" assertions="461" failures="0" errors="0" time="0.604738">
      <testcase name="it_is_a_sequence" class="test\eLife\ApiSdk\Client\EventsTest" file="/home/giorgio/code/api-sdk-php/test/Client/EventsTest.php" line="28" assertions="1" time="0.001068"/>
      <testcase name="it_can_be_traversed" class="test\eLife\ApiSdk\Client\EventsTest" file="/home/giorgio/code/api-sdk-php/test/Client/EventsTest.php" line="36" assertions="400" time="0.077356"/>
      <testcase name="it_can_be_counted" class="test\eLife\ApiSdk\Client\EventsTest" file="/home/giorgio/code/api-sdk-php/test/Client/EventsTest.php" line="51" assertions="2" time="0.005257"/>
      <testcase name="it_casts_to_an_array" class="test\eLife\ApiSdk\Client\EventsTest" file="/home/giorgio/code/api-sdk-php/test/Client/EventsTest.php" line="62" assertions="21" time="0.013762"/>
      <testcase name="it_gets_an_event" class="test\eLife\ApiSdk\Client\EventsTest" file="/home/giorgio/code/api-sdk-php/test/Client/EventsTest.php" line="80" assertions="4" time="0.011602"/>
      <testcase name="it_reuses_already_known_events" class="test\eLife\ApiSdk\Client\EventsTest" file="/home/giorgio/code/api-sdk-php/test/Client/EventsTest.php" line="96" assertions="4" time="0.017348"/>
      <testcase name="it_can_be_filtered_by_type" class="test\eLife\ApiSdk\Client\EventsTest" file="/home/giorgio/code/api-sdk-php/test/Client/EventsTest.php" line="117" assertions="5" time="0.013861"/>
      <testcase name="it_recounts_when_filtering_by_type" class="test\eLife\ApiSdk\Client\EventsTest" file="/home/giorgio/code/api-sdk-php/test/Client/EventsTest.php" line="130" assertions="1" time="0.008674"/>
      <testcase name="it_fetches_pages_again_when_filtering_by_type" class="test\eLife\ApiSdk\Client\EventsTest" file="/home/giorgio/code/api-sdk-php/test/Client/EventsTest.php" line="144" assertions="0" time="0.174163"/>
      <testsuite name="test\eLife\ApiSdk\Client\EventsTest::it_can_be_sliced" tests="3" assertions="6" failures="0" errors="0" time="0.026404">
        <testcase name="it_can_be_sliced with data set &quot;offset 1, length 1&quot;" assertions="2" time="0.005136"/>
        <testcase name="it_can_be_sliced with data set &quot;offset -2, no length&quot;" assertions="4" time="0.011070"/>
        <testcase name="it_can_be_sliced with data set &quot;offset 6, no length&quot;" assertions="0" time="0.010198"/>
      </testsuite>
      <testsuite name="test\eLife\ApiSdk\Client\EventsTest::it_can_be_mapped" tests="3" assertions="3" failures="0" errors="0" time="0.029320">
        <testcase name="it_can_be_mapped with data set &quot;offset 1, length 1&quot;" assertions="1" time="0.010814"/>
        <testcase name="it_can_be_mapped with data set &quot;offset -2, no length&quot;" assertions="1" time="0.009327"/>
        <testcase name="it_can_be_mapped with data set &quot;offset 6, no length&quot;" assertions="1" time="0.009179"/>
      </testsuite>
      <testcase name="it_can_be_filtered" class="test\eLife\ApiSdk\Client\EventsTest" file="/home/giorgio/code/api-sdk-php/test/Client/EventsTest.php" line="226" assertions="2" time="0.012089"/>
      <testcase name="it_can_be_reduced" class="test\eLife\ApiSdk\Client\EventsTest" file="/home/giorgio/code/api-sdk-php/test/Client/EventsTest.php" line="243" assertions="1" time="0.009817"/>
      <testcase name="it_can_be_sorted" class="test\eLife\ApiSdk\Client\EventsTest" file="/home/giorgio/code/api-sdk-php/test/Client/EventsTest.php" line="258" assertions="5" time="0.009718"/>
      <testcase name="it_can_be_reversed" class="test\eLife\ApiSdk\Client\EventsTest" file="/home/giorgio/code/api-sdk-php/test/Client/EventsTest.php" line="275" assertions="5" time="0.011579"/>
      <testcase name="it_does_not_recount_when_reversed" class="test\eLife\ApiSdk\Client\EventsTest" file="/home/giorgio/code/api-sdk-php/test/Client/EventsTest.php" line="288" assertions="1" time="0.005128"/>
      <testcase name="it_fetches_pages_again_when_reversed" class="test\eLife\ApiSdk\Client\EventsTest" file="/home/giorgio/code/api-sdk-php/test/Client/EventsTest.php" line="300" assertions="0" time="0.177592"/>
    </testsuite>
    <testsuite name="test\eLife\ApiSdk\Client\InterviewsTest" file="/home/giorgio/code/api-sdk-php/test/Client/InterviewsTest.php" tests="18" assertions="455" failures="0" errors="0" time="0.560631">
      <testcase name="it_is_a_sequence" class="test\eLife\ApiSdk\Client\InterviewsTest" file="/home/giorgio/code/api-sdk-php/test/Client/InterviewsTest.php" line="28" assertions="1" time="0.001099"/>
      <testcase name="it_can_be_traversed" class="test\eLife\ApiSdk\Client\InterviewsTest" file="/home/giorgio/code/api-sdk-php/test/Client/InterviewsTest.php" line="36" assertions="400" time="0.151023"/>
      <testcase name="it_can_be_counted" class="test\eLife\ApiSdk\Client\InterviewsTest" file="/home/giorgio/code/api-sdk-php/test/Client/InterviewsTest.php" line="51" assertions="2" time="0.006262"/>
      <testcase name="it_casts_to_an_array" class="test\eLife\ApiSdk\Client\InterviewsTest" file="/home/giorgio/code/api-sdk-php/test/Client/InterviewsTest.php" line="62" assertions="21" time="0.014510"/>
      <testcase name="it_gets_an_interview" class="test\eLife\ApiSdk\Client\InterviewsTest" file="/home/giorgio/code/api-sdk-php/test/Client/InterviewsTest.php" line="80" assertions="4" time="0.010366"/>
      <testcase name="it_reuses_already_known_interviews" class="test\eLife\ApiSdk\Client\InterviewsTest" file="/home/giorgio/code/api-sdk-php/test/Client/InterviewsTest.php" line="96" assertions="4" time="0.019304"/>
      <testsuite name="test\eLife\ApiSdk\Client\InterviewsTest::it_can_be_sliced" tests="3" assertions="6" failures="0" errors="0" time="0.032146">
        <testcase name="it_can_be_sliced with data set &quot;offset 1, length 1&quot;" assertions="2" time="0.006000"/>
        <testcase name="it_can_be_sliced with data set &quot;offset -2, no length&quot;" assertions="4" time="0.014103"/>
        <testcase name="it_can_be_sliced with data set &quot;offset 6, no length&quot;" assertions="0" time="0.012043"/>
      </testsuite>
      <testsuite name="test\eLife\ApiSdk\Client\InterviewsTest::it_can_be_mapped" tests="3" assertions="3" failures="0" errors="0" time="0.037297">
        <testcase name="it_can_be_mapped with data set &quot;offset 1, length 1&quot;" assertions="1" time="0.013566"/>
        <testcase name="it_can_be_mapped with data set &quot;offset -2, no length&quot;" assertions="1" time="0.011520"/>
        <testcase name="it_can_be_mapped with data set &quot;offset 6, no length&quot;" assertions="1" time="0.012211"/>
      </testsuite>
      <testcase name="it_can_be_filtered" class="test\eLife\ApiSdk\Client\InterviewsTest" file="/home/giorgio/code/api-sdk-php/test/Client/InterviewsTest.php" line="181" assertions="2" time="0.013351"/>
      <testcase name="it_can_be_reduced" class="test\eLife\ApiSdk\Client\InterviewsTest" file="/home/giorgio/code/api-sdk-php/test/Client/InterviewsTest.php" line="198" assertions="1" time="0.012054"/>
      <testcase name="it_can_be_sorted" class="test\eLife\ApiSdk\Client\InterviewsTest" file="/home/giorgio/code/api-sdk-php/test/Client/InterviewsTest.php" line="213" assertions="5" time="0.014305"/>
      <testcase name="it_can_be_reversed" class="test\eLife\ApiSdk\Client\InterviewsTest" file="/home/giorgio/code/api-sdk-php/test/Client/InterviewsTest.php" line="230" assertions="5" time="0.012114"/>
      <testcase name="it_does_not_recount_when_reversed" class="test\eLife\ApiSdk\Client\InterviewsTest" file="/home/giorgio/code/api-sdk-php/test/Client/InterviewsTest.php" line="243" assertions="1" time="0.005972"/>
      <testcase name="it_fetches_pages_again_when_reversed" class="test\eLife\ApiSdk\Client\InterviewsTest" file="/home/giorgio/code/api-sdk-php/test/Client/InterviewsTest.php" line="255" assertions="0" time="0.230827"/>
    </testsuite>
    <testsuite name="test\eLife\ApiSdk\Client\LabsExperimentsTest" file="/home/giorgio/code/api-sdk-php/test/Client/LabsExperimentsTest.php" tests="18" assertions="455" failures="0" errors="0" time="0.825606">
      <testcase name="it_is_a_sequence" class="test\eLife\ApiSdk\Client\LabsExperimentsTest" file="/home/giorgio/code/api-sdk-php/test/Client/LabsExperimentsTest.php" line="28" assertions="1" time="0.001168"/>
      <testcase name="it_can_be_traversed" class="test\eLife\ApiSdk\Client\LabsExperimentsTest" file="/home/giorgio/code/api-sdk-php/test/Client/LabsExperimentsTest.php" line="36" assertions="400" time="0.222922"/>
      <testcase name="it_can_be_counted" class="test\eLife\ApiSdk\Client\LabsExperimentsTest" file="/home/giorgio/code/api-sdk-php/test/Client/LabsExperimentsTest.php" line="51" assertions="2" time="0.007555"/>
      <testcase name="it_casts_to_an_array" class="test\eLife\ApiSdk\Client\LabsExperimentsTest" file="/home/giorgio/code/api-sdk-php/test/Client/LabsExperimentsTest.php" line="62" assertions="21" time="0.020852"/>
      <testcase name="it_gets_a_labs_experiment" class="test\eLife\ApiSdk\Client\LabsExperimentsTest" file="/home/giorgio/code/api-sdk-php/test/Client/LabsExperimentsTest.php" line="80" assertions="4" time="0.010831"/>
      <testcase name="it_reuses_already_known_labs_experiments" class="test\eLife\ApiSdk\Client\LabsExperimentsTest" file="/home/giorgio/code/api-sdk-php/test/Client/LabsExperimentsTest.php" line="96" assertions="4" time="0.023769"/>
      <testsuite name="test\eLife\ApiSdk\Client\LabsExperimentsTest::it_can_be_sliced" tests="3" assertions="6" failures="0" errors="0" time="0.041559">
        <testcase name="it_can_be_sliced with data set &quot;offset 1, length 1&quot;" assertions="2" time="0.008310"/>
        <testcase name="it_can_be_sliced with data set &quot;offset -2, no length&quot;" assertions="4" time="0.016041"/>
        <testcase name="it_can_be_sliced with data set &quot;offset 6, no length&quot;" assertions="0" time="0.017208"/>
      </testsuite>
      <testsuite name="test\eLife\ApiSdk\Client\LabsExperimentsTest::it_can_be_mapped" tests="3" assertions="3" failures="0" errors="0" time="0.045271">
        <testcase name="it_can_be_mapped with data set &quot;offset 1, length 1&quot;" assertions="1" time="0.015117"/>
        <testcase name="it_can_be_mapped with data set &quot;offset -2, no length&quot;" assertions="1" time="0.015162"/>
        <testcase name="it_can_be_mapped with data set &quot;offset 6, no length&quot;" assertions="1" time="0.014992"/>
      </testsuite>
      <testcase name="it_can_be_filtered" class="test\eLife\ApiSdk\Client\LabsExperimentsTest" file="/home/giorgio/code/api-sdk-php/test/Client/LabsExperimentsTest.php" line="181" assertions="2" time="0.016441"/>
      <testcase name="it_can_be_reduced" class="test\eLife\ApiSdk\Client\LabsExperimentsTest" file="/home/giorgio/code/api-sdk-php/test/Client/LabsExperimentsTest.php" line="198" assertions="1" time="0.018219"/>
      <testcase name="it_can_be_sorted" class="test\eLife\ApiSdk\Client\LabsExperimentsTest" file="/home/giorgio/code/api-sdk-php/test/Client/LabsExperimentsTest.php" line="213" assertions="5" time="0.016837"/>
      <testcase name="it_can_be_reversed" class="test\eLife\ApiSdk\Client\LabsExperimentsTest" file="/home/giorgio/code/api-sdk-php/test/Client/LabsExperimentsTest.php" line="230" assertions="5" time="0.017275"/>
      <testcase name="it_does_not_recount_when_reversed" class="test\eLife\ApiSdk\Client\LabsExperimentsTest" file="/home/giorgio/code/api-sdk-php/test/Client/LabsExperimentsTest.php" line="243" assertions="1" time="0.007432"/>
      <testcase name="it_fetches_pages_again_when_reversed" class="test\eLife\ApiSdk\Client\LabsExperimentsTest" file="/home/giorgio/code/api-sdk-php/test/Client/LabsExperimentsTest.php" line="255" assertions="0" time="0.375476"/>
    </testsuite>
    <testsuite name="test\eLife\ApiSdk\Client\MediumArticlesTest" file="/home/giorgio/code/api-sdk-php/test/Client/MediumArticlesTest.php" tests="16" assertions="447" failures="0" errors="0" time="0.584212">
      <testcase name="it_is_a_sequence" class="test\eLife\ApiSdk\Client\MediumArticlesTest" file="/home/giorgio/code/api-sdk-php/test/Client/MediumArticlesTest.php" line="33" assertions="1" time="0.001148"/>
      <testcase name="it_can_be_traversed" class="test\eLife\ApiSdk\Client\MediumArticlesTest" file="/home/giorgio/code/api-sdk-php/test/Client/MediumArticlesTest.php" line="41" assertions="400" time="0.121509"/>
      <testcase name="it_can_be_counted" class="test\eLife\ApiSdk\Client\MediumArticlesTest" file="/home/giorgio/code/api-sdk-php/test/Client/MediumArticlesTest.php" line="56" assertions="2" time="0.006828"/>
      <testcase name="it_casts_to_an_array" class="test\eLife\ApiSdk\Client\MediumArticlesTest" file="/home/giorgio/code/api-sdk-php/test/Client/MediumArticlesTest.php" line="67" assertions="21" time="0.016911"/>
      <testsuite name="test\eLife\ApiSdk\Client\MediumArticlesTest::it_can_be_sliced" tests="3" assertions="6" failures="0" errors="0" time="0.105670">
        <testcase name="it_can_be_sliced with data set &quot;offset 1, length 1&quot;" assertions="2" time="0.008974"/>
        <testcase name="it_can_be_sliced with data set &quot;offset -2, no length&quot;" assertions="4" time="0.014115"/>
        <testcase name="it_can_be_sliced with data set &quot;offset 6, no length&quot;" assertions="0" time="0.082581"/>
      </testsuite>
      <testsuite name="test\eLife\ApiSdk\Client\MediumArticlesTest::it_can_be_mapped" tests="3" assertions="3" failures="0" errors="0" time="0.042711">
        <testcase name="it_can_be_mapped with data set &quot;offset 1, length 1&quot;" assertions="1" time="0.013814"/>
        <testcase name="it_can_be_mapped with data set &quot;offset -2, no length&quot;" assertions="1" time="0.013209"/>
        <testcase name="it_can_be_mapped with data set &quot;offset 6, no length&quot;" assertions="1" time="0.015688"/>
      </testsuite>
      <testcase name="it_can_be_filtered" class="test\eLife\ApiSdk\Client\MediumArticlesTest" file="/home/giorgio/code/api-sdk-php/test/Client/MediumArticlesTest.php" line="150" assertions="2" time="0.013856"/>
      <testcase name="it_can_be_reduced" class="test\eLife\ApiSdk\Client\MediumArticlesTest" file="/home/giorgio/code/api-sdk-php/test/Client/MediumArticlesTest.php" line="167" assertions="1" time="0.015716"/>
      <testcase name="it_can_be_sorted" class="test\eLife\ApiSdk\Client\MediumArticlesTest" file="/home/giorgio/code/api-sdk-php/test/Client/MediumArticlesTest.php" line="182" assertions="5" time="0.014031"/>
      <testcase name="it_can_be_reversed" class="test\eLife\ApiSdk\Client\MediumArticlesTest" file="/home/giorgio/code/api-sdk-php/test/Client/MediumArticlesTest.php" line="199" assertions="5" time="0.017657"/>
      <testcase name="it_does_not_recount_when_reversed" class="test\eLife\ApiSdk\Client\MediumArticlesTest" file="/home/giorgio/code/api-sdk-php/test/Client/MediumArticlesTest.php" line="212" assertions="1" time="0.007012"/>
      <testcase name="it_fetches_pages_again_when_reversed" class="test\eLife\ApiSdk\Client\MediumArticlesTest" file="/home/giorgio/code/api-sdk-php/test/Client/MediumArticlesTest.php" line="224" assertions="0" time="0.221163"/>
    </testsuite>
    <testsuite name="test\eLife\ApiSdk\Client\PeopleTest" file="/home/giorgio/code/api-sdk-php/test/Client/PeopleTest.php" tests="24" assertions="470" failures="0" errors="0" time="1.367043">
      <testcase name="it_is_a_sequence" class="test\eLife\ApiSdk\Client\PeopleTest" file="/home/giorgio/code/api-sdk-php/test/Client/PeopleTest.php" line="29" assertions="1" time="0.001237"/>
      <testcase name="it_can_be_traversed" class="test\eLife\ApiSdk\Client\PeopleTest" file="/home/giorgio/code/api-sdk-php/test/Client/PeopleTest.php" line="37" assertions="400" time="0.133662"/>
      <testcase name="it_can_be_counted" class="test\eLife\ApiSdk\Client\PeopleTest" file="/home/giorgio/code/api-sdk-php/test/Client/PeopleTest.php" line="52" assertions="2" time="0.005192"/>
      <testcase name="it_casts_to_an_array" class="test\eLife\ApiSdk\Client\PeopleTest" file="/home/giorgio/code/api-sdk-php/test/Client/PeopleTest.php" line="63" assertions="21" time="0.079749"/>
      <testcase name="it_gets_a_person" class="test\eLife\ApiSdk\Client\PeopleTest" file="/home/giorgio/code/api-sdk-php/test/Client/PeopleTest.php" line="81" assertions="7" time="0.010652"/>
      <testcase name="it_reuses_already_known_people" class="test\eLife\ApiSdk\Client\PeopleTest" file="/home/giorgio/code/api-sdk-php/test/Client/PeopleTest.php" line="105" assertions="4" time="0.013646"/>
      <testcase name="it_can_be_filtered_by_subject" class="test\eLife\ApiSdk\Client\PeopleTest" file="/home/giorgio/code/api-sdk-php/test/Client/PeopleTest.php" line="126" assertions="5" time="0.013642"/>
      <testcase name="it_recounts_when_filtering_by_subject" class="test\eLife\ApiSdk\Client\PeopleTest" file="/home/giorgio/code/api-sdk-php/test/Client/PeopleTest.php" line="139" assertions="1" time="0.008106"/>
      <testcase name="it_fetches_pages_again_when_filtering_by_subject" class="test\eLife\ApiSdk\Client\PeopleTest" file="/home/giorgio/code/api-sdk-php/test/Client/PeopleTest.php" line="153" assertions="0" time="0.279651"/>
      <testcase name="it_can_be_filtered_by_type" class="test\eLife\ApiSdk\Client\PeopleTest" file="/home/giorgio/code/api-sdk-php/test/Client/PeopleTest.php" line="171" assertions="5" time="0.037705"/>
      <testcase name="it_recounts_when_filtering_by_type" class="test\eLife\ApiSdk\Client\PeopleTest" file="/home/giorgio/code/api-sdk-php/test/Client/PeopleTest.php" line="184" assertions="1" time="0.008232"/>
      <testcase name="it_fetches_pages_again_when_filtering_by_type" class="test\eLife\ApiSdk\Client\PeopleTest" file="/home/giorgio/code/api-sdk-php/test/Client/PeopleTest.php" line="198" assertions="0" time="0.364154"/>
      <testsuite name="test\eLife\ApiSdk\Client\PeopleTest::it_can_be_sliced" tests="3" assertions="6" failures="0" errors="0" time="0.022962">
        <testcase name="it_can_be_sliced with data set &quot;offset 1, length 1&quot;" assertions="2" time="0.004600"/>
        <testcase name="it_can_be_sliced with data set &quot;offset -2, no length&quot;" assertions="4" time="0.009281"/>
        <testcase name="it_can_be_sliced with data set &quot;offset 6, no length&quot;" assertions="0" time="0.009081"/>
      </testsuite>
      <testsuite name="test\eLife\ApiSdk\Client\PeopleTest::it_can_be_mapped" tests="3" assertions="3" failures="0" errors="0" time="0.027986">
        <testcase name="it_can_be_mapped with data set &quot;offset 1, length 1&quot;" assertions="1" time="0.009601"/>
        <testcase name="it_can_be_mapped with data set &quot;offset -2, no length&quot;" assertions="1" time="0.009542"/>
        <testcase name="it_can_be_mapped with data set &quot;offset 6, no length&quot;" assertions="1" time="0.008843"/>
      </testsuite>
      <testcase name="it_can_be_filtered" class="test\eLife\ApiSdk\Client\PeopleTest" file="/home/giorgio/code/api-sdk-php/test/Client/PeopleTest.php" line="280" assertions="2" time="0.009734"/>
      <testcase name="it_can_be_reduced" class="test\eLife\ApiSdk\Client\PeopleTest" file="/home/giorgio/code/api-sdk-php/test/Client/PeopleTest.php" line="297" assertions="1" time="0.011233"/>
      <testcase name="it_can_be_sorted" class="test\eLife\ApiSdk\Client\PeopleTest" file="/home/giorgio/code/api-sdk-php/test/Client/PeopleTest.php" line="312" assertions="5" time="0.010412"/>
      <testcase name="it_can_be_reversed" class="test\eLife\ApiSdk\Client\PeopleTest" file="/home/giorgio/code/api-sdk-php/test/Client/PeopleTest.php" line="329" assertions="5" time="0.010858"/>
      <testcase name="it_does_not_recount_when_reversed" class="test\eLife\ApiSdk\Client\PeopleTest" file="/home/giorgio/code/api-sdk-php/test/Client/PeopleTest.php" line="342" assertions="1" time="0.005653"/>
      <testcase name="it_fetches_pages_again_when_reversed" class="test\eLife\ApiSdk\Client\PeopleTest" file="/home/giorgio/code/api-sdk-php/test/Client/PeopleTest.php" line="354" assertions="0" time="0.312576"/>
    </testsuite>
    <testsuite name="test\eLife\ApiSdk\Client\PodcastEpisodesTest" file="/home/giorgio/code/api-sdk-php/test/Client/PodcastEpisodesTest.php" tests="21" assertions="464" failures="0" errors="0" time="1.471963">
      <testcase name="it_is_a_sequence" class="test\eLife\ApiSdk\Client\PodcastEpisodesTest" file="/home/giorgio/code/api-sdk-php/test/Client/PodcastEpisodesTest.php" line="29" assertions="1" time="0.002171"/>
      <testcase name="it_can_be_traversed" class="test\eLife\ApiSdk\Client\PodcastEpisodesTest" file="/home/giorgio/code/api-sdk-php/test/Client/PodcastEpisodesTest.php" line="37" assertions="400" time="0.264430"/>
      <testcase name="it_can_be_counted" class="test\eLife\ApiSdk\Client\PodcastEpisodesTest" file="/home/giorgio/code/api-sdk-php/test/Client/PodcastEpisodesTest.php" line="52" assertions="2" time="0.009972"/>
      <testcase name="it_casts_to_an_array" class="test\eLife\ApiSdk\Client\PodcastEpisodesTest" file="/home/giorgio/code/api-sdk-php/test/Client/PodcastEpisodesTest.php" line="63" assertions="21" time="0.026395"/>
      <testcase name="it_gets_a_podcast_episode" class="test\eLife\ApiSdk\Client\PodcastEpisodesTest" file="/home/giorgio/code/api-sdk-php/test/Client/PodcastEpisodesTest.php" line="81" assertions="7" time="0.017552"/>
      <testcase name="it_reuses_already_known_podcast_episodes" class="test\eLife\ApiSdk\Client\PodcastEpisodesTest" file="/home/giorgio/code/api-sdk-php/test/Client/PodcastEpisodesTest.php" line="105" assertions="4" time="0.028239"/>
      <testcase name="it_can_be_filtered_by_subject" class="test\eLife\ApiSdk\Client\PodcastEpisodesTest" file="/home/giorgio/code/api-sdk-php/test/Client/PodcastEpisodesTest.php" line="126" assertions="5" time="0.021863"/>
      <testcase name="it_recounts_when_filtering_by_subject" class="test\eLife\ApiSdk\Client\PodcastEpisodesTest" file="/home/giorgio/code/api-sdk-php/test/Client/PodcastEpisodesTest.php" line="139" assertions="1" time="0.018912"/>
      <testcase name="it_fetches_pages_again_when_filtering_by_subject" class="test\eLife\ApiSdk\Client\PodcastEpisodesTest" file="/home/giorgio/code/api-sdk-php/test/Client/PodcastEpisodesTest.php" line="153" assertions="0" time="0.435835"/>
      <testsuite name="test\eLife\ApiSdk\Client\PodcastEpisodesTest::it_can_be_sliced" tests="3" assertions="6" failures="0" errors="0" time="0.052113">
        <testcase name="it_can_be_sliced with data set &quot;offset 1, length 1&quot;" assertions="2" time="0.009884"/>
        <testcase name="it_can_be_sliced with data set &quot;offset -2, no length&quot;" assertions="4" time="0.021910"/>
        <testcase name="it_can_be_sliced with data set &quot;offset 6, no length&quot;" assertions="0" time="0.020319"/>
      </testsuite>
      <testsuite name="test\eLife\ApiSdk\Client\PodcastEpisodesTest::it_can_be_mapped" tests="3" assertions="3" failures="0" errors="0" time="0.059007">
        <testcase name="it_can_be_mapped with data set &quot;offset 1, length 1&quot;" assertions="1" time="0.019830"/>
        <testcase name="it_can_be_mapped with data set &quot;offset -2, no length&quot;" assertions="1" time="0.019694"/>
        <testcase name="it_can_be_mapped with data set &quot;offset 6, no length&quot;" assertions="1" time="0.019483"/>
      </testsuite>
      <testcase name="it_can_be_filtered" class="test\eLife\ApiSdk\Client\PodcastEpisodesTest" file="/home/giorgio/code/api-sdk-php/test/Client/PodcastEpisodesTest.php" line="236" assertions="2" time="0.021408"/>
      <testcase name="it_can_be_reduced" class="test\eLife\ApiSdk\Client\PodcastEpisodesTest" file="/home/giorgio/code/api-sdk-php/test/Client/PodcastEpisodesTest.php" line="253" assertions="1" time="0.021777"/>
      <testcase name="it_can_be_sorted" class="test\eLife\ApiSdk\Client\PodcastEpisodesTest" file="/home/giorgio/code/api-sdk-php/test/Client/PodcastEpisodesTest.php" line="268" assertions="5" time="0.020421"/>
      <testcase name="it_can_be_reversed" class="test\eLife\ApiSdk\Client\PodcastEpisodesTest" file="/home/giorgio/code/api-sdk-php/test/Client/PodcastEpisodesTest.php" line="285" assertions="5" time="0.021306"/>
      <testcase name="it_does_not_recount_when_reversed" class="test\eLife\ApiSdk\Client\PodcastEpisodesTest" file="/home/giorgio/code/api-sdk-php/test/Client/PodcastEpisodesTest.php" line="298" assertions="1" time="0.009870"/>
      <testcase name="it_fetches_pages_again_when_reversed" class="test\eLife\ApiSdk\Client\PodcastEpisodesTest" file="/home/giorgio/code/api-sdk-php/test/Client/PodcastEpisodesTest.php" line="310" assertions="0" time="0.440692"/>
    </testsuite>
    <testsuite name="test\eLife\ApiSdk\Client\SearchTest" file="/home/giorgio/code/api-sdk-php/test/Client/SearchTest.php" tests="26" assertions="374" failures="0" errors="0" time="4.183121">
      <testcase name="it_is_a_sequence" class="test\eLife\ApiSdk\Client\SearchTest" file="/home/giorgio/code/api-sdk-php/test/Client/SearchTest.php" line="31" assertions="1" time="0.002467"/>
      <testcase name="it_can_be_traversed" class="test\eLife\ApiSdk\Client\SearchTest" file="/home/giorgio/code/api-sdk-php/test/Client/SearchTest.php" line="39" assertions="201" time="1.857658"/>
      <testcase name="it_can_be_counted" class="test\eLife\ApiSdk\Client\SearchTest" file="/home/giorgio/code/api-sdk-php/test/Client/SearchTest.php" line="51" assertions="2" time="0.103296"/>
      <testcase name="it_casts_to_an_array" class="test\eLife\ApiSdk\Client\SearchTest" file="/home/giorgio/code/api-sdk-php/test/Client/SearchTest.php" line="62" assertions="12" time="0.109094"/>
      <testcase name="it_reuses_already_known_models" class="test\eLife\ApiSdk\Client\SearchTest" file="/home/giorgio/code/api-sdk-php/test/Client/SearchTest.php" line="77" assertions="3" time="0.041463"/>
      <testcase name="it_can_be_filtered_by_query" class="test\eLife\ApiSdk\Client\SearchTest" file="/home/giorgio/code/api-sdk-php/test/Client/SearchTest.php" line="96" assertions="6" time="0.058199"/>
      <testcase name="it_can_be_filtered_by_subject" class="test\eLife\ApiSdk\Client\SearchTest" file="/home/giorgio/code/api-sdk-php/test/Client/SearchTest.php" line="107" assertions="6" time="0.072387"/>
      <testcase name="it_can_be_filtered_by_type" class="test\eLife\ApiSdk\Client\SearchTest" file="/home/giorgio/code/api-sdk-php/test/Client/SearchTest.php" line="118" assertions="6" time="0.068746"/>
      <testcase name="it_recounts_when_filtering" class="test\eLife\ApiSdk\Client\SearchTest" file="/home/giorgio/code/api-sdk-php/test/Client/SearchTest.php" line="129" assertions="1" time="0.034800"/>
      <testcase name="it_refreshes_subject_and_types_when_filtering" class="test\eLife\ApiSdk\Client\SearchTest" file="/home/giorgio/code/api-sdk-php/test/Client/SearchTest.php" line="141" assertions="2" time="0.043542"/>
      <testcase name="it_fetches_pages_again_when_filtering" class="test\eLife\ApiSdk\Client\SearchTest" file="/home/giorgio/code/api-sdk-php/test/Client/SearchTest.php" line="163" assertions="9" time="0.181910"/>
      <testsuite name="test\eLife\ApiSdk\Client\SearchTest::it_can_be_sliced" tests="3" assertions="3" failures="0" errors="0" time="0.145951">
        <testcase name="it_can_be_sliced with data set &quot;offset 1, length 1&quot;" assertions="1" time="0.018387"/>
        <testcase name="it_can_be_sliced with data set &quot;offset -2, no length&quot;" assertions="2" time="0.064474"/>
        <testcase name="it_can_be_sliced with data set &quot;offset 6, no length&quot;" assertions="0" time="0.063090"/>
      </testsuite>
      <testsuite name="test\eLife\ApiSdk\Client\SearchTest::it_can_be_mapped" tests="3" assertions="3" failures="0" errors="0" time="0.262034">
        <testcase name="it_can_be_mapped with data set &quot;offset 1, length 1&quot;" assertions="1" time="0.053816"/>
        <testcase name="it_can_be_mapped with data set &quot;offset -2, no length&quot;" assertions="1" time="0.136187"/>
        <testcase name="it_can_be_mapped with data set &quot;offset 6, no length&quot;" assertions="1" time="0.072031"/>
      </testsuite>
      <testcase name="it_can_be_filtered" class="test\eLife\ApiSdk\Client\SearchTest" file="/home/giorgio/code/api-sdk-php/test/Client/SearchTest.php" line="242" assertions="1" time="0.121457"/>
      <testcase name="it_can_be_reduced" class="test\eLife\ApiSdk\Client\SearchTest" file="/home/giorgio/code/api-sdk-php/test/Client/SearchTest.php" line="257" assertions="1" time="0.086149"/>
      <testcase name="it_can_be_sorted" class="test\eLife\ApiSdk\Client\SearchTest" file="/home/giorgio/code/api-sdk-php/test/Client/SearchTest.php" line="272" assertions="6" time="0.086018"/>
      <testcase name="it_can_be_reversed" class="test\eLife\ApiSdk\Client\SearchTest" file="/home/giorgio/code/api-sdk-php/test/Client/SearchTest.php" line="283" assertions="11" time="0.136634"/>
      <testcase name="it_reuses_models_when_reversed_or_in_general_resliced" class="test\eLife\ApiSdk\Client\SearchTest" file="/home/giorgio/code/api-sdk-php/test/Client/SearchTest.php" line="294" assertions="10" time="0.271314"/>
      <testcase name="it_does_not_recount_when_reversed" class="test\eLife\ApiSdk\Client\SearchTest" file="/home/giorgio/code/api-sdk-php/test/Client/SearchTest.php" line="309" assertions="1" time="0.022970"/>
      <testcase name="it_fetches_pages_again_when_reversed" class="test\eLife\ApiSdk\Client\SearchTest" file="/home/giorgio/code/api-sdk-php/test/Client/SearchTest.php" line="321" assertions="11" time="0.229018"/>
      <testcase name="it_has_counters_for_types" class="test\eLife\ApiSdk\Client\SearchTest" file="/home/giorgio/code/api-sdk-php/test/Client/SearchTest.php" line="334" assertions="72" time="0.128142"/>
      <testcase name="it_has_counters_for_subjects" class="test\eLife\ApiSdk\Client\SearchTest" file="/home/giorgio/code/api-sdk-php/test/Client/SearchTest.php" line="350" assertions="6" time="0.119871"/>
    </testsuite>
    <testsuite name="test\eLife\ApiSdk\Client\SubjectsTest" file="/home/giorgio/code/api-sdk-php/test/Client/SubjectsTest.php" tests="18" assertions="451" failures="0" errors="0" time="1.571566">
      <testcase name="it_is_a_sequence" class="test\eLife\ApiSdk\Client\SubjectsTest" file="/home/giorgio/code/api-sdk-php/test/Client/SubjectsTest.php" line="27" assertions="1" time="0.002653"/>
      <testcase name="it_can_be_traversed" class="test\eLife\ApiSdk\Client\SubjectsTest" file="/home/giorgio/code/api-sdk-php/test/Client/SubjectsTest.php" line="35" assertions="400" time="0.569776"/>
      <testcase name="it_can_be_counted" class="test\eLife\ApiSdk\Client\SubjectsTest" file="/home/giorgio/code/api-sdk-php/test/Client/SubjectsTest.php" line="50" assertions="2" time="0.007688"/>
      <testcase name="it_casts_to_an_array" class="test\eLife\ApiSdk\Client\SubjectsTest" file="/home/giorgio/code/api-sdk-php/test/Client/SubjectsTest.php" line="61" assertions="21" time="0.039097"/>
      <testcase name="it_gets_a_subject" class="test\eLife\ApiSdk\Client\SubjectsTest" file="/home/giorgio/code/api-sdk-php/test/Client/SubjectsTest.php" line="79" assertions="2" time="0.007782"/>
      <testcase name="it_reuses_already_known_subjects" class="test\eLife\ApiSdk\Client\SubjectsTest" file="/home/giorgio/code/api-sdk-php/test/Client/SubjectsTest.php" line="92" assertions="2" time="0.031662"/>
      <testsuite name="test\eLife\ApiSdk\Client\SubjectsTest::it_can_be_sliced" tests="3" assertions="6" failures="0" errors="0" time="0.045740">
        <testcase name="it_can_be_sliced with data set &quot;offset 1, length 1&quot;" assertions="2" time="0.006638"/>
        <testcase name="it_can_be_sliced with data set &quot;offset -2, no length&quot;" assertions="4" time="0.018019"/>
        <testcase name="it_can_be_sliced with data set &quot;offset 6, no length&quot;" assertions="0" time="0.021083"/>
      </testsuite>
      <testsuite name="test\eLife\ApiSdk\Client\SubjectsTest::it_can_be_mapped" tests="3" assertions="3" failures="0" errors="0" time="0.062565">
        <testcase name="it_can_be_mapped with data set &quot;offset 1, length 1&quot;" assertions="1" time="0.023083"/>
        <testcase name="it_can_be_mapped with data set &quot;offset -2, no length&quot;" assertions="1" time="0.022677"/>
        <testcase name="it_can_be_mapped with data set &quot;offset 6, no length&quot;" assertions="1" time="0.016805"/>
      </testsuite>
      <testcase name="it_can_be_filtered" class="test\eLife\ApiSdk\Client\SubjectsTest" file="/home/giorgio/code/api-sdk-php/test/Client/SubjectsTest.php" line="172" assertions="2" time="0.022960"/>
      <testcase name="it_can_be_reduced" class="test\eLife\ApiSdk\Client\SubjectsTest" file="/home/giorgio/code/api-sdk-php/test/Client/SubjectsTest.php" line="189" assertions="1" time="0.020359"/>
      <testcase name="it_can_be_sorted" class="test\eLife\ApiSdk\Client\SubjectsTest" file="/home/giorgio/code/api-sdk-php/test/Client/SubjectsTest.php" line="204" assertions="5" time="0.019108"/>
      <testcase name="it_can_be_reversed" class="test\eLife\ApiSdk\Client\SubjectsTest" file="/home/giorgio/code/api-sdk-php/test/Client/SubjectsTest.php" line="221" assertions="5" time="0.019195"/>
      <testcase name="it_does_not_recount_when_reversed" class="test\eLife\ApiSdk\Client\SubjectsTest" file="/home/giorgio/code/api-sdk-php/test/Client/SubjectsTest.php" line="234" assertions="1" time="0.007156"/>
      <testcase name="it_fetches_pages_again_when_reversed" class="test\eLife\ApiSdk\Client\SubjectsTest" file="/home/giorgio/code/api-sdk-php/test/Client/SubjectsTest.php" line="246" assertions="0" time="0.715825"/>
    </testsuite>
    <testsuite name="test\eLife\ApiSdk\Collection\ArraySequenceTest" file="/home/giorgio/code/api-sdk-php/test/Collection/ArraySequenceTest.php" tests="14" assertions="19" failures="0" errors="0" time="0.037329">
      <testcase name="it_is_a_sequence" class="test\eLife\ApiSdk\Collection\ArraySequenceTest" file="/home/giorgio/code/api-sdk-php/test/Collection/ArraySequenceTest.php" line="14" assertions="1" time="0.002715"/>
      <testcase name="it_can_be_traversed" class="test\eLife\ApiSdk\Collection\ArraySequenceTest" file="/home/giorgio/code/api-sdk-php/test/Collection/ArraySequenceTest.php" line="24" assertions="5" time="0.002611"/>
      <testcase name="it_can_be_counted" class="test\eLife\ApiSdk\Collection\ArraySequenceTest" file="/home/giorgio/code/api-sdk-php/test/Collection/ArraySequenceTest.php" line="36" assertions="2" time="0.002560"/>
      <testcase name="it_casts_to_an_array" class="test\eLife\ApiSdk\Collection\ArraySequenceTest" file="/home/giorgio/code/api-sdk-php/test/Collection/ArraySequenceTest.php" line="47" assertions="1" time="0.002531"/>
      <testsuite name="test\eLife\ApiSdk\Collection\ArraySequenceTest::it_can_be_sliced" tests="3" assertions="3" failures="0" errors="0" time="0.007723">
        <testcase name="it_can_be_sliced with data set &quot;offset 1, length 1&quot;" assertions="1" time="0.002725"/>
        <testcase name="it_can_be_sliced with data set &quot;offset -2, no length&quot;" assertions="1" time="0.002493"/>
        <testcase name="it_can_be_sliced with data set &quot;offset 6, no length&quot;" assertions="1" time="0.002505"/>
      </testsuite>
      <testsuite name="test\eLife\ApiSdk\Collection\ArraySequenceTest::it_can_be_mapped" tests="3" assertions="3" failures="0" errors="0" time="0.009070">
        <testcase name="it_can_be_mapped with data set &quot;offset 1, length 1&quot;" assertions="1" time="0.002749"/>
        <testcase name="it_can_be_mapped with data set &quot;offset -2, no length&quot;" assertions="1" time="0.003455"/>
        <testcase name="it_can_be_mapped with data set &quot;offset 6, no length&quot;" assertions="1" time="0.002866"/>
      </testsuite>
      <testcase name="it_can_be_filtered" class="test\eLife\ApiSdk\Collection\ArraySequenceTest" file="/home/giorgio/code/api-sdk-php/test/Collection/ArraySequenceTest.php" line="94" assertions="1" time="0.002615"/>
      <testcase name="it_can_be_reduced" class="test\eLife\ApiSdk\Collection\ArraySequenceTest" file="/home/giorgio/code/api-sdk-php/test/Collection/ArraySequenceTest.php" line="108" assertions="1" time="0.002440"/>
      <testcase name="it_can_be_sorted" class="test\eLife\ApiSdk\Collection\ArraySequenceTest" file="/home/giorgio/code/api-sdk-php/test/Collection/ArraySequenceTest.php" line="122" assertions="1" time="0.002485"/>
      <testcase name="it_can_be_reversed" class="test\eLife\ApiSdk\Collection\ArraySequenceTest" file="/home/giorgio/code/api-sdk-php/test/Collection/ArraySequenceTest.php" line="136" assertions="1" time="0.002579"/>
    </testsuite>
    <testsuite name="test\eLife\ApiSdk\Collection\PromiseSequenceTest" file="/home/giorgio/code/api-sdk-php/test/Collection/PromiseSequenceTest.php" tests="26" assertions="32" failures="0" errors="0" time="0.073746">
      <testcase name="it_is_a_sequence" class="test\eLife\ApiSdk\Collection\PromiseSequenceTest" file="/home/giorgio/code/api-sdk-php/test/Collection/PromiseSequenceTest.php" line="22" assertions="1" time="0.002576"/>
      <testcase name="it_is_a_promise" class="test\eLife\ApiSdk\Collection\PromiseSequenceTest" file="/home/giorgio/code/api-sdk-php/test/Collection/PromiseSequenceTest.php" line="32" assertions="1" time="0.002552"/>
      <testcase name="it_can_be_traversed" class="test\eLife\ApiSdk\Collection\PromiseSequenceTest" file="/home/giorgio/code/api-sdk-php/test/Collection/PromiseSequenceTest.php" line="42" assertions="5" time="0.002563"/>
      <testcase name="it_can_be_counted" class="test\eLife\ApiSdk\Collection\PromiseSequenceTest" file="/home/giorgio/code/api-sdk-php/test/Collection/PromiseSequenceTest.php" line="54" assertions="2" time="0.002990"/>
      <testsuite name="test\eLife\ApiSdk\Collection\PromiseSequenceTest::it_casts_to_an_array" tests="4" assertions="4" failures="0" errors="0" time="0.011919">
        <testcase name="it_casts_to_an_array with data set &quot;array&quot;" assertions="1" time="0.003902"/>
        <testcase name="it_casts_to_an_array with data set &quot;collection&quot;" assertions="1" time="0.002845"/>
        <testcase name="it_casts_to_an_array with data set &quot;traversable&quot;" assertions="1" time="0.002657"/>
        <testcase name="it_casts_to_an_array with data set &quot;string&quot;" assertions="1" time="0.002515"/>
      </testsuite>
      <testsuite name="test\eLife\ApiSdk\Collection\PromiseSequenceTest::it_can_be_sliced" tests="3" assertions="3" failures="0" errors="0" time="0.007938">
        <testcase name="it_can_be_sliced with data set &quot;offset 1, length 1&quot;" assertions="1" time="0.002734"/>
        <testcase name="it_can_be_sliced with data set &quot;offset -2, no length&quot;" assertions="1" time="0.002503"/>
        <testcase name="it_can_be_sliced with data set &quot;offset 6, no length&quot;" assertions="1" time="0.002701"/>
      </testsuite>
      <testsuite name="test\eLife\ApiSdk\Collection\PromiseSequenceTest::it_can_be_mapped" tests="3" assertions="3" failures="0" errors="0" time="0.008087">
        <testcase name="it_can_be_mapped with data set &quot;offset 1, length 1&quot;" assertions="1" time="0.002613"/>
        <testcase name="it_can_be_mapped with data set &quot;offset -2, no length&quot;" assertions="1" time="0.002570"/>
        <testcase name="it_can_be_mapped with data set &quot;offset 6, no length&quot;" assertions="1" time="0.002904"/>
      </testsuite>
      <testcase name="it_can_be_filtered" class="test\eLife\ApiSdk\Collection\PromiseSequenceTest" file="/home/giorgio/code/api-sdk-php/test/Collection/PromiseSequenceTest.php" line="131" assertions="1" time="0.003123"/>
      <testcase name="it_can_be_reduced" class="test\eLife\ApiSdk\Collection\PromiseSequenceTest" file="/home/giorgio/code/api-sdk-php/test/Collection/PromiseSequenceTest.php" line="150" assertions="1" time="0.002942"/>
      <testcase name="it_can_be_sorted" class="test\eLife\ApiSdk\Collection\PromiseSequenceTest" file="/home/giorgio/code/api-sdk-php/test/Collection/PromiseSequenceTest.php" line="164" assertions="1" time="0.002923"/>
      <testcase name="it_can_be_reversed" class="test\eLife\ApiSdk\Collection\PromiseSequenceTest" file="/home/giorgio/code/api-sdk-php/test/Collection/PromiseSequenceTest.php" line="180" assertions="1" time="0.003090"/>
      <testcase name="it_can_be_chained" class="test\eLife\ApiSdk\Collection\PromiseSequenceTest" file="/home/giorgio/code/api-sdk-php/test/Collection/PromiseSequenceTest.php" line="190" assertions="1" time="0.002647"/>
      <testcase name="it_can_handle_exceptions" class="test\eLife\ApiSdk\Collection\PromiseSequenceTest" file="/home/giorgio/code/api-sdk-php/test/Collection/PromiseSequenceTest.php" line="204" assertions="1" time="0.002707"/>
      <testcase name="it_has_a_state" class="test\eLife\ApiSdk\Collection\PromiseSequenceTest" file="/home/giorgio/code/api-sdk-php/test/Collection/PromiseSequenceTest.php" line="218" assertions="2" time="0.002880"/>
      <testcase name="it_cannot_be_resolved" class="test\eLife\ApiSdk\Collection\PromiseSequenceTest" file="/home/giorgio/code/api-sdk-php/test/Collection/PromiseSequenceTest.php" line="234" assertions="1" time="0.003700"/>
      <testcase name="it_cannot_be_rejected" class="test\eLife\ApiSdk\Collection\PromiseSequenceTest" file="/home/giorgio/code/api-sdk-php/test/Collection/PromiseSequenceTest.php" line="247" assertions="1" time="0.003288"/>
      <testcase name="it_cannot_be_cancelled" class="test\eLife\ApiSdk\Collection\PromiseSequenceTest" file="/home/giorgio/code/api-sdk-php/test/Collection/PromiseSequenceTest.php" line="260" assertions="1" time="0.002542"/>
      <testcase name="it_can_be_waited_on" class="test\eLife\ApiSdk\Collection\PromiseSequenceTest" file="/home/giorgio/code/api-sdk-php/test/Collection/PromiseSequenceTest.php" line="273" assertions="1" time="0.002803"/>
      <testcase name="it_can_be_unwrapped" class="test\eLife\ApiSdk\Collection\PromiseSequenceTest" file="/home/giorgio/code/api-sdk-php/test/Collection/PromiseSequenceTest.php" line="283" assertions="1" time="0.002476"/>
    </testsuite>
    <testsuite name="test\eLife\ApiSdk\Model\AddressTest" file="/home/giorgio/code/api-sdk-php/test/Model/AddressTest.php" tests="6" assertions="11" failures="0" errors="0" time="0.024179">
      <testcase name="it_has_a_formatted_address" class="test\eLife\ApiSdk\Model\AddressTest" file="/home/giorgio/code/api-sdk-php/test/Model/AddressTest.php" line="13" assertions="1" time="0.006428"/>
      <testcase name="it_may_have_a_street_address" class="test\eLife\ApiSdk\Model\AddressTest" file="/home/giorgio/code/api-sdk-php/test/Model/AddressTest.php" line="23" assertions="2" time="0.004846"/>
      <testcase name="it_may_have_a_locality" class="test\eLife\ApiSdk\Model\AddressTest" file="/home/giorgio/code/api-sdk-php/test/Model/AddressTest.php" line="35" assertions="2" time="0.002785"/>
      <testcase name="it_may_have_an_area" class="test\eLife\ApiSdk\Model\AddressTest" file="/home/giorgio/code/api-sdk-php/test/Model/AddressTest.php" line="47" assertions="2" time="0.004013"/>
      <testcase name="it_may_have_a_country" class="test\eLife\ApiSdk\Model\AddressTest" file="/home/giorgio/code/api-sdk-php/test/Model/AddressTest.php" line="59" assertions="2" time="0.003082"/>
      <testcase name="it_may_have_a_postal_code" class="test\eLife\ApiSdk\Model\AddressTest" file="/home/giorgio/code/api-sdk-php/test/Model/AddressTest.php" line="71" assertions="2" time="0.003025"/>
    </testsuite>
    <testsuite name="test\eLife\ApiSdk\Model\AnnualReportTest" file="/home/giorgio/code/api-sdk-php/test/Model/AnnualReportTest.php" tests="5" assertions="6" failures="0" errors="0" time="0.014737">
      <testcase name="it_has_an_id" class="test\eLife\ApiSdk\Model\AnnualReportTest" file="/home/giorgio/code/api-sdk-php/test/Model/AnnualReportTest.php" line="15" assertions="1" time="0.003041"/>
      <testcase name="it_has_a_uri" class="test\eLife\ApiSdk\Model\AnnualReportTest" file="/home/giorgio/code/api-sdk-php/test/Model/AnnualReportTest.php" line="26" assertions="1" time="0.004016"/>
      <testcase name="it_has_a_title" class="test\eLife\ApiSdk\Model\AnnualReportTest" file="/home/giorgio/code/api-sdk-php/test/Model/AnnualReportTest.php" line="37" assertions="1" time="0.002673"/>
      <testcase name="it_may_have_an_impact_statement" class="test\eLife\ApiSdk\Model\AnnualReportTest" file="/home/giorgio/code/api-sdk-php/test/Model/AnnualReportTest.php" line="48" assertions="2" time="0.002500"/>
      <testcase name="it_has_an_image" class="test\eLife\ApiSdk\Model\AnnualReportTest" file="/home/giorgio/code/api-sdk-php/test/Model/AnnualReportTest.php" line="61" assertions="1" time="0.002507"/>
    </testsuite>
    <testsuite name="test\eLife\ApiSdk\Model\ArticlePoATest" file="/home/giorgio/code/api-sdk-php/test/Model/ArticlePoATest.php" tests="20" assertions="27" failures="0" errors="0" time="0.056754">
      <testcase name="it_is_a_model" class="test\eLife\ApiSdk\Model\ArticlePoATest" file="/home/giorgio/code/api-sdk-php/test/Model/ArticlePoATest.php" line="29" assertions="1" time="0.002782"/>
      <testcase name="it_has_an_id" class="test\eLife\ApiSdk\Model\ArticlePoATest" file="/home/giorgio/code/api-sdk-php/test/Model/ArticlePoATest.php" line="42" assertions="1" time="0.002818"/>
      <testcase name="it_has_a_version" class="test\eLife\ApiSdk\Model\ArticlePoATest" file="/home/giorgio/code/api-sdk-php/test/Model/ArticlePoATest.php" line="55" assertions="1" time="0.003682"/>
      <testcase name="it_has_a_type" class="test\eLife\ApiSdk\Model\ArticlePoATest" file="/home/giorgio/code/api-sdk-php/test/Model/ArticlePoATest.php" line="68" assertions="1" time="0.002742"/>
      <testcase name="it_has_a_doi" class="test\eLife\ApiSdk\Model\ArticlePoATest" file="/home/giorgio/code/api-sdk-php/test/Model/ArticlePoATest.php" line="81" assertions="1" time="0.002550"/>
      <testcase name="it_has_an_author_line" class="test\eLife\ApiSdk\Model\ArticlePoATest" file="/home/giorgio/code/api-sdk-php/test/Model/ArticlePoATest.php" line="94" assertions="1" time="0.003051"/>
      <testcase name="it_may_have_a_title_prefix" class="test\eLife\ApiSdk\Model\ArticlePoATest" file="/home/giorgio/code/api-sdk-php/test/Model/ArticlePoATest.php" line="107" assertions="4" time="0.003036"/>
      <testcase name="it_has_a_title" class="test\eLife\ApiSdk\Model\ArticlePoATest" file="/home/giorgio/code/api-sdk-php/test/Model/ArticlePoATest.php" line="127" assertions="1" time="0.002816"/>
      <testcase name="it_has_a_published_date" class="test\eLife\ApiSdk\Model\ArticlePoATest" file="/home/giorgio/code/api-sdk-php/test/Model/ArticlePoATest.php" line="140" assertions="1" time="0.002777"/>
      <testcase name="it_has_a_status_date" class="test\eLife\ApiSdk\Model\ArticlePoATest" file="/home/giorgio/code/api-sdk-php/test/Model/ArticlePoATest.php" line="153" assertions="1" time="0.002594"/>
      <testcase name="it_has_a_volume" class="test\eLife\ApiSdk\Model\ArticlePoATest" file="/home/giorgio/code/api-sdk-php/test/Model/ArticlePoATest.php" line="166" assertions="1" time="0.002475"/>
      <testcase name="it_has_an_elocation_id" class="test\eLife\ApiSdk\Model\ArticlePoATest" file="/home/giorgio/code/api-sdk-php/test/Model/ArticlePoATest.php" line="179" assertions="1" time="0.002749"/>
      <testcase name="it_may_have_a_pdf" class="test\eLife\ApiSdk\Model\ArticlePoATest" file="/home/giorgio/code/api-sdk-php/test/Model/ArticlePoATest.php" line="192" assertions="2" time="0.003451"/>
      <testsuite name="test\eLife\ApiSdk\Model\ArticlePoATest::it_may_have_subjects" tests="2" assertions="2" failures="0" errors="0" time="0.006276">
        <testcase name="it_may_have_subjects with data set &quot;none&quot;" assertions="1" time="0.003599"/>
        <testcase name="it_may_have_subjects with data set &quot;Sequence&quot;" assertions="1" time="0.002677"/>
      </testsuite>
      <testcase name="it_may_have_research_organisms" class="test\eLife\ApiSdk\Model\ArticlePoATest" file="/home/giorgio/code/api-sdk-php/test/Model/ArticlePoATest.php" line="245" assertions="2" time="0.002921"/>
      <testcase name="it_may_have_an_abstract" class="test\eLife\ApiSdk\Model\ArticlePoATest" file="/home/giorgio/code/api-sdk-php/test/Model/ArticlePoATest.php" line="263" assertions="2" time="0.002604"/>
      <testcase name="it_may_have_an_issue" class="test\eLife\ApiSdk\Model\ArticlePoATest" file="/home/giorgio/code/api-sdk-php/test/Model/ArticlePoATest.php" line="283" assertions="2" time="0.002501"/>
      <testcase name="it_has_a_copyright" class="test\eLife\ApiSdk\Model\ArticlePoATest" file="/home/giorgio/code/api-sdk-php/test/Model/ArticlePoATest.php" line="301" assertions="1" time="0.002469"/>
      <testcase name="it_has_authors" class="test\eLife\ApiSdk\Model\ArticlePoATest" file="/home/giorgio/code/api-sdk-php/test/Model/ArticlePoATest.php" line="315" assertions="1" time="0.002461"/>
    </testsuite>
    <testsuite name="test\eLife\ApiSdk\Model\ArticleSectionTest" file="/home/giorgio/code/api-sdk-php/test/Model/ArticleSectionTest.php" tests="2" assertions="3" failures="0" errors="0" time="0.005591">
      <testcase name="it_has_content" class="test\eLife\ApiSdk\Model\ArticleSectionTest" file="/home/giorgio/code/api-sdk-php/test/Model/ArticleSectionTest.php" line="15" assertions="1" time="0.002683"/>
      <testcase name="it_may_have_a_doi" class="test\eLife\ApiSdk\Model\ArticleSectionTest" file="/home/giorgio/code/api-sdk-php/test/Model/ArticleSectionTest.php" line="26" assertions="2" time="0.002908"/>
    </testsuite>
    <testsuite name="test\eLife\ApiSdk\Model\ArticleVoRTest" file="/home/giorgio/code/api-sdk-php/test/Model/ArticleVoRTest.php" tests="31" assertions="44" failures="0" errors="0" time="0.093965">
      <testcase name="it_may_have_an_impact_statement" class="test\eLife\ApiSdk\Model\ArticleVoRTest" file="/home/giorgio/code/api-sdk-php/test/Model/ArticleVoRTest.php" line="28" assertions="2" time="0.004392"/>
      <testcase name="it_may_have_a_banner" class="test\eLife\ApiSdk\Model\ArticleVoRTest" file="/home/giorgio/code/api-sdk-php/test/Model/ArticleVoRTest.php" line="56" assertions="2" time="0.003064"/>
      <testcase name="it_may_have_a_thumbnail" class="test\eLife\ApiSdk\Model\ArticleVoRTest" file="/home/giorgio/code/api-sdk-php/test/Model/ArticleVoRTest.php" line="85" assertions="2" time="0.002800"/>
      <testcase name="it_may_have_keywords" class="test\eLife\ApiSdk\Model\ArticleVoRTest" file="/home/giorgio/code/api-sdk-php/test/Model/ArticleVoRTest.php" line="114" assertions="1" time="0.003091"/>
      <testcase name="it_may_have_a_digest" class="test\eLife\ApiSdk\Model\ArticleVoRTest" file="/home/giorgio/code/api-sdk-php/test/Model/ArticleVoRTest.php" line="132" assertions="2" time="0.003197"/>
      <testcase name="it_has_content" class="test\eLife\ApiSdk\Model\ArticleVoRTest" file="/home/giorgio/code/api-sdk-php/test/Model/ArticleVoRTest.php" line="161" assertions="1" time="0.002757"/>
      <testcase name="it_may_have_references" class="test\eLife\ApiSdk\Model\ArticleVoRTest" file="/home/giorgio/code/api-sdk-php/test/Model/ArticleVoRTest.php" line="179" assertions="1" time="0.002559"/>
      <testcase name="it_may_have_acknowledgements" class="test\eLife\ApiSdk\Model\ArticleVoRTest" file="/home/giorgio/code/api-sdk-php/test/Model/ArticleVoRTest.php" line="201" assertions="1" time="0.002623"/>
      <testcase name="it_may_have_a_decision_letter" class="test\eLife\ApiSdk\Model\ArticleVoRTest" file="/home/giorgio/code/api-sdk-php/test/Model/ArticleVoRTest.php" line="223" assertions="2" time="0.003221"/>
      <testcase name="it_may_have_a_decision_letter_description" class="test\eLife\ApiSdk\Model\ArticleVoRTest" file="/home/giorgio/code/api-sdk-php/test/Model/ArticleVoRTest.php" line="252" assertions="1" time="0.004303"/>
      <testcase name="it_may_have_an_author_response" class="test\eLife\ApiSdk\Model\ArticleVoRTest" file="/home/giorgio/code/api-sdk-php/test/Model/ArticleVoRTest.php" line="271" assertions="2" time="0.002970"/>
      <testcase name="it_is_a_model" class="test\eLife\ApiSdk\Model\ArticleVoRTest" file="/home/giorgio/code/api-sdk-php/test/Model/ArticleVoRTest.php" line="29" assertions="1" time="0.002543"/>
      <testcase name="it_has_an_id" class="test\eLife\ApiSdk\Model\ArticleVoRTest" file="/home/giorgio/code/api-sdk-php/test/Model/ArticleVoRTest.php" line="42" assertions="1" time="0.002617"/>
      <testcase name="it_has_a_version" class="test\eLife\ApiSdk\Model\ArticleVoRTest" file="/home/giorgio/code/api-sdk-php/test/Model/ArticleVoRTest.php" line="55" assertions="1" time="0.002599"/>
      <testcase name="it_has_a_type" class="test\eLife\ApiSdk\Model\ArticleVoRTest" file="/home/giorgio/code/api-sdk-php/test/Model/ArticleVoRTest.php" line="68" assertions="1" time="0.003020"/>
      <testcase name="it_has_a_doi" class="test\eLife\ApiSdk\Model\ArticleVoRTest" file="/home/giorgio/code/api-sdk-php/test/Model/ArticleVoRTest.php" line="81" assertions="1" time="0.002844"/>
      <testcase name="it_has_an_author_line" class="test\eLife\ApiSdk\Model\ArticleVoRTest" file="/home/giorgio/code/api-sdk-php/test/Model/ArticleVoRTest.php" line="94" assertions="1" time="0.002957"/>
      <testcase name="it_may_have_a_title_prefix" class="test\eLife\ApiSdk\Model\ArticleVoRTest" file="/home/giorgio/code/api-sdk-php/test/Model/ArticleVoRTest.php" line="107" assertions="4" time="0.002917"/>
      <testcase name="it_has_a_title" class="test\eLife\ApiSdk\Model\ArticleVoRTest" file="/home/giorgio/code/api-sdk-php/test/Model/ArticleVoRTest.php" line="127" assertions="1" time="0.002881"/>
      <testcase name="it_has_a_published_date" class="test\eLife\ApiSdk\Model\ArticleVoRTest" file="/home/giorgio/code/api-sdk-php/test/Model/ArticleVoRTest.php" line="140" assertions="1" time="0.003167"/>
      <testcase name="it_has_a_status_date" class="test\eLife\ApiSdk\Model\ArticleVoRTest" file="/home/giorgio/code/api-sdk-php/test/Model/ArticleVoRTest.php" line="153" assertions="1" time="0.003152"/>
      <testcase name="it_has_a_volume" class="test\eLife\ApiSdk\Model\ArticleVoRTest" file="/home/giorgio/code/api-sdk-php/test/Model/ArticleVoRTest.php" line="166" assertions="1" time="0.003203"/>
      <testcase name="it_has_an_elocation_id" class="test\eLife\ApiSdk\Model\ArticleVoRTest" file="/home/giorgio/code/api-sdk-php/test/Model/ArticleVoRTest.php" line="179" assertions="1" time="0.003267"/>
      <testcase name="it_may_have_a_pdf" class="test\eLife\ApiSdk\Model\ArticleVoRTest" file="/home/giorgio/code/api-sdk-php/test/Model/ArticleVoRTest.php" line="192" assertions="2" time="0.003379"/>
      <testsuite name="test\eLife\ApiSdk\Model\ArticleVoRTest::it_may_have_subjects" tests="2" assertions="2" failures="0" errors="0" time="0.006220">
        <testcase name="it_may_have_subjects with data set &quot;none&quot;" assertions="1" time="0.003176"/>
        <testcase name="it_may_have_subjects with data set &quot;Sequence&quot;" assertions="1" time="0.003044"/>
      </testsuite>
      <testcase name="it_may_have_research_organisms" class="test\eLife\ApiSdk\Model\ArticleVoRTest" file="/home/giorgio/code/api-sdk-php/test/Model/ArticleVoRTest.php" line="245" assertions="2" time="0.003277"/>
      <testcase name="it_may_have_an_abstract" class="test\eLife\ApiSdk\Model\ArticleVoRTest" file="/home/giorgio/code/api-sdk-php/test/Model/ArticleVoRTest.php" line="263" assertions="2" time="0.002869"/>
      <testcase name="it_may_have_an_issue" class="test\eLife\ApiSdk\Model\ArticleVoRTest" file="/home/giorgio/code/api-sdk-php/test/Model/ArticleVoRTest.php" line="283" assertions="2" time="0.002783"/>
      <testcase name="it_has_a_copyright" class="test\eLife\ApiSdk\Model\ArticleVoRTest" file="/home/giorgio/code/api-sdk-php/test/Model/ArticleVoRTest.php" line="301" assertions="1" time="0.002693"/>
      <testcase name="it_has_authors" class="test\eLife\ApiSdk\Model\ArticleVoRTest" file="/home/giorgio/code/api-sdk-php/test/Model/ArticleVoRTest.php" line="315" assertions="1" time="0.002600"/>
    </testsuite>
    <testsuite name="test\eLife\ApiSdk\Model\Block\BoxTest" file="/home/giorgio/code/api-sdk-php/test/Model/Block/BoxTest.php" tests="6" assertions="9" failures="0" errors="0" time="0.023628">
      <testcase name="it_is_a_block" class="test\eLife\ApiSdk\Model\Block\BoxTest" file="/home/giorgio/code/api-sdk-php/test/Model/Block/BoxTest.php" line="14" assertions="1" time="0.004268"/>
[...]
        <testcase name="it_can_normalize_preprint_references with data set &quot;non-preprint reference&quot;" assertions="1" time="0.003311"/>
      </testsuite>
      <testsuite name="test\eLife\ApiSdk\Serializer\Reference\PreprintReferenceNormalizerTest::it_normalize_preprint_references" tests="2" assertions="2" failures="0" errors="0" time="0.006879">
        <testcase name="it_normalize_preprint_references with data set &quot;complete&quot;" assertions="1" time="0.003522"/>
        <testcase name="it_normalize_preprint_references with data set &quot;minimum&quot;" assertions="1" time="0.003357"/>
      </testsuite>
      <testcase name="it_is_a_denormalizer" class="test\eLife\ApiSdk\Serializer\Reference\PreprintReferenceNormalizerTest" file="/home/giorgio/code/api-sdk-php/test/Serializer/Reference/PreprintReferenceNormalizerTest.php" line="130" assertions="1" time="0.003251"/>
      <testsuite name="test\eLife\ApiSdk\Serializer\Reference\PreprintReferenceNormalizerTest::it_can_denormalize_preprint_references" tests="4" assertions="4" failures="0" errors="0" time="0.011702">
        <testcase name="it_can_denormalize_preprint_references with data set &quot;preprint reference&quot;" assertions="1" time="0.003074"/>
        <testcase name="it_can_denormalize_preprint_references with data set &quot;reference that is a preprint&quot;" assertions="1" time="0.002943"/>
        <testcase name="it_can_denormalize_preprint_references with data set &quot;reference that isn't a preprint&quot;" assertions="1" time="0.002834"/>
        <testcase name="it_can_denormalize_preprint_references with data set &quot;non-preprint reference&quot;" assertions="1" time="0.002851"/>
      </testsuite>
      <testsuite name="test\eLife\ApiSdk\Serializer\Reference\PreprintReferenceNormalizerTest::it_denormalize_preprint_references" tests="2" assertions="2" failures="0" errors="0" time="0.014456">
        <testcase name="it_denormalize_preprint_references with data set &quot;complete&quot;" assertions="1" time="0.007745"/>
        <testcase name="it_denormalize_preprint_references with data set &quot;minimum&quot;" assertions="1" time="0.006711"/>
      </testsuite>
    </testsuite>
    <testsuite name="test\eLife\ApiSdk\Serializer\Reference\ReportReferenceNormalizerTest" file="/home/giorgio/code/api-sdk-php/test/Serializer/Reference/ReportReferenceNormalizerTest.php" tests="13" assertions="13" failures="0" errors="0" time="0.044343">
      <testcase name="it_is_a_normalizer" class="test\eLife\ApiSdk\Serializer\Reference\ReportReferenceNormalizerTest" file="/home/giorgio/code/api-sdk-php/test/Serializer/Reference/ReportReferenceNormalizerTest.php" line="43" assertions="1" time="0.003451"/>
      <testsuite name="test\eLife\ApiSdk\Serializer\Reference\ReportReferenceNormalizerTest::it_can_normalize_report_references" tests="3" assertions="3" failures="0" errors="0" time="0.009413">
        <testcase name="it_can_normalize_report_references with data set &quot;report reference&quot;" assertions="1" time="0.003133"/>
        <testcase name="it_can_normalize_report_references with data set &quot;report reference with format&quot;" assertions="1" time="0.003199"/>
        <testcase name="it_can_normalize_report_references with data set &quot;non-report reference&quot;" assertions="1" time="0.003081"/>
      </testsuite>
      <testsuite name="test\eLife\ApiSdk\Serializer\Reference\ReportReferenceNormalizerTest::it_normalize_report_references" tests="2" assertions="2" failures="0" errors="0" time="0.007207">
        <testcase name="it_normalize_report_references with data set &quot;complete&quot;" assertions="1" time="0.004234"/>
        <testcase name="it_normalize_report_references with data set &quot;minimum&quot;" assertions="1" time="0.002973"/>
      </testsuite>
      <testcase name="it_is_a_denormalizer" class="test\eLife\ApiSdk\Serializer\Reference\ReportReferenceNormalizerTest" file="/home/giorgio/code/api-sdk-php/test/Serializer/Reference/ReportReferenceNormalizerTest.php" line="138" assertions="1" time="0.002930"/>
      <testsuite name="test\eLife\ApiSdk\Serializer\Reference\ReportReferenceNormalizerTest::it_can_denormalize_report_references" tests="4" assertions="4" failures="0" errors="0" time="0.012013">
        <testcase name="it_can_denormalize_report_references with data set &quot;report reference&quot;" assertions="1" time="0.002878"/>
        <testcase name="it_can_denormalize_report_references with data set &quot;reference that is a report&quot;" assertions="1" time="0.002918"/>
        <testcase name="it_can_denormalize_report_references with data set &quot;reference that isn't a report&quot;" assertions="1" time="0.003170"/>
        <testcase name="it_can_denormalize_report_references with data set &quot;non-report reference&quot;" assertions="1" time="0.003047"/>
      </testsuite>
      <testsuite name="test\eLife\ApiSdk\Serializer\Reference\ReportReferenceNormalizerTest::it_denormalize_report_references" tests="2" assertions="2" failures="0" errors="0" time="0.009330">
        <testcase name="it_denormalize_report_references with data set &quot;complete&quot;" assertions="1" time="0.004148"/>
        <testcase name="it_denormalize_report_references with data set &quot;minimum&quot;" assertions="1" time="0.005182"/>
      </testsuite>
    </testsuite>
    <testsuite name="test\eLife\ApiSdk\Serializer\Reference\SoftwareReferenceNormalizerTest" file="/home/giorgio/code/api-sdk-php/test/Serializer/Reference/SoftwareReferenceNormalizerTest.php" tests="13" assertions="13" failures="0" errors="0" time="0.041951">
      <testcase name="it_is_a_normalizer" class="test\eLife\ApiSdk\Serializer\Reference\SoftwareReferenceNormalizerTest" file="/home/giorgio/code/api-sdk-php/test/Serializer/Reference/SoftwareReferenceNormalizerTest.php" line="43" assertions="1" time="0.002931"/>
      <testsuite name="test\eLife\ApiSdk\Serializer\Reference\SoftwareReferenceNormalizerTest::it_can_normalize_software_references" tests="3" assertions="3" failures="0" errors="0" time="0.008637">
        <testcase name="it_can_normalize_software_references with data set &quot;software reference&quot;" assertions="1" time="0.002881"/>
        <testcase name="it_can_normalize_software_references with data set &quot;software reference with format&quot;" assertions="1" time="0.002878"/>
        <testcase name="it_can_normalize_software_references with data set &quot;non-software reference&quot;" assertions="1" time="0.002878"/>
      </testsuite>
      <testsuite name="test\eLife\ApiSdk\Serializer\Reference\SoftwareReferenceNormalizerTest::it_normalize_software_references" tests="2" assertions="2" failures="0" errors="0" time="0.007738">
        <testcase name="it_normalize_software_references with data set &quot;complete&quot;" assertions="1" time="0.003280"/>
        <testcase name="it_normalize_software_references with data set &quot;minimum&quot;" assertions="1" time="0.004458"/>
      </testsuite>
      <testcase name="it_is_a_denormalizer" class="test\eLife\ApiSdk\Serializer\Reference\SoftwareReferenceNormalizerTest" file="/home/giorgio/code/api-sdk-php/test/Serializer/Reference/SoftwareReferenceNormalizerTest.php" line="135" assertions="1" time="0.003036"/>
      <testsuite name="test\eLife\ApiSdk\Serializer\Reference\SoftwareReferenceNormalizerTest::it_can_denormalize_software_references" tests="4" assertions="4" failures="0" errors="0" time="0.011661">
        <testcase name="it_can_denormalize_software_references with data set &quot;software reference&quot;" assertions="1" time="0.002932"/>
        <testcase name="it_can_denormalize_software_references with data set &quot;reference that is software&quot;" assertions="1" time="0.002935"/>
        <testcase name="it_can_denormalize_software_references with data set &quot;reference that isn't software&quot;" assertions="1" time="0.002853"/>
        <testcase name="it_can_denormalize_software_references with data set &quot;non-software reference&quot;" assertions="1" time="0.002941"/>
      </testsuite>
      <testsuite name="test\eLife\ApiSdk\Serializer\Reference\SoftwareReferenceNormalizerTest::it_denormalize_software_references" tests="2" assertions="2" failures="0" errors="0" time="0.007948">
        <testcase name="it_denormalize_software_references with data set &quot;complete&quot;" assertions="1" time="0.003779"/>
        <testcase name="it_denormalize_software_references with data set &quot;minimum&quot;" assertions="1" time="0.004169"/>
      </testsuite>
    </testsuite>
    <testsuite name="test\eLife\ApiSdk\Serializer\Reference\ThesisReferenceNormalizerTest" file="/home/giorgio/code/api-sdk-php/test/Serializer/Reference/ThesisReferenceNormalizerTest.php" tests="13" assertions="13" failures="0" errors="0" time="0.041829">
      <testcase name="it_is_a_normalizer" class="test\eLife\ApiSdk\Serializer\Reference\ThesisReferenceNormalizerTest" file="/home/giorgio/code/api-sdk-php/test/Serializer/Reference/ThesisReferenceNormalizerTest.php" line="40" assertions="1" time="0.004033"/>
      <testsuite name="test\eLife\ApiSdk\Serializer\Reference\ThesisReferenceNormalizerTest::it_can_normalize_thesis_references" tests="3" assertions="3" failures="0" errors="0" time="0.008742">
        <testcase name="it_can_normalize_thesis_references with data set &quot;thesis reference&quot;" assertions="1" time="0.002923"/>
        <testcase name="it_can_normalize_thesis_references with data set &quot;thesis reference with format&quot;" assertions="1" time="0.002955"/>
        <testcase name="it_can_normalize_thesis_references with data set &quot;non-thesis reference&quot;" assertions="1" time="0.002864"/>
      </testsuite>
      <testsuite name="test\eLife\ApiSdk\Serializer\Reference\ThesisReferenceNormalizerTest::it_normalize_thesis_references" tests="2" assertions="2" failures="0" errors="0" time="0.005784">
        <testcase name="it_normalize_thesis_references with data set &quot;complete&quot;" assertions="1" time="0.002910"/>
        <testcase name="it_normalize_thesis_references with data set &quot;minimum&quot;" assertions="1" time="0.002874"/>
      </testsuite>
      <testcase name="it_is_a_denormalizer" class="test\eLife\ApiSdk\Serializer\Reference\ThesisReferenceNormalizerTest" file="/home/giorgio/code/api-sdk-php/test/Serializer/Reference/ThesisReferenceNormalizerTest.php" line="125" assertions="1" time="0.002882"/>
      <testsuite name="test\eLife\ApiSdk\Serializer\Reference\ThesisReferenceNormalizerTest::it_can_denormalize_thesis_references" tests="4" assertions="4" failures="0" errors="0" time="0.013140">
        <testcase name="it_can_denormalize_thesis_references with data set &quot;thesis reference&quot;" assertions="1" time="0.002854"/>
        <testcase name="it_can_denormalize_thesis_references with data set &quot;reference that is a thesis&quot;" assertions="1" time="0.003037"/>
        <testcase name="it_can_denormalize_thesis_references with data set &quot;reference that isn't a thesis&quot;" assertions="1" time="0.004054"/>
        <testcase name="it_can_denormalize_thesis_references with data set &quot;non-thesis reference&quot;" assertions="1" time="0.003195"/>
      </testsuite>
      <testsuite name="test\eLife\ApiSdk\Serializer\Reference\ThesisReferenceNormalizerTest::it_denormalize_thesis_references" tests="2" assertions="2" failures="0" errors="0" time="0.007248">
        <testcase name="it_denormalize_thesis_references with data set &quot;complete&quot;" assertions="1" time="0.003648"/>
        <testcase name="it_denormalize_thesis_references with data set &quot;minimum&quot;" assertions="1" time="0.003600"/>
      </testsuite>
    </testsuite>
    <testsuite name="test\eLife\ApiSdk\Serializer\Reference\WebReferenceNormalizerTest" file="/home/giorgio/code/api-sdk-php/test/Serializer/Reference/WebReferenceNormalizerTest.php" tests="13" assertions="13" failures="0" errors="0" time="0.042336">
      <testcase name="it_is_a_normalizer" class="test\eLife\ApiSdk\Serializer\Reference\WebReferenceNormalizerTest" file="/home/giorgio/code/api-sdk-php/test/Serializer/Reference/WebReferenceNormalizerTest.php" line="40" assertions="1" time="0.002976"/>
      <testsuite name="test\eLife\ApiSdk\Serializer\Reference\WebReferenceNormalizerTest::it_can_normalize_web_references" tests="3" assertions="3" failures="0" errors="0" time="0.009143">
        <testcase name="it_can_normalize_web_references with data set &quot;web reference&quot;" assertions="1" time="0.002880"/>
        <testcase name="it_can_normalize_web_references with data set &quot;web reference with format&quot;" assertions="1" time="0.003029"/>
        <testcase name="it_can_normalize_web_references with data set &quot;non-web reference&quot;" assertions="1" time="0.003234"/>
      </testsuite>
      <testsuite name="test\eLife\ApiSdk\Serializer\Reference\WebReferenceNormalizerTest::it_normalize_web_references" tests="2" assertions="2" failures="0" errors="0" time="0.007341">
        <testcase name="it_normalize_web_references with data set &quot;complete&quot;" assertions="1" time="0.003580"/>
        <testcase name="it_normalize_web_references with data set &quot;minimum&quot;" assertions="1" time="0.003761"/>
      </testsuite>
      <testcase name="it_is_a_denormalizer" class="test\eLife\ApiSdk\Serializer\Reference\WebReferenceNormalizerTest" file="/home/giorgio/code/api-sdk-php/test/Serializer/Reference/WebReferenceNormalizerTest.php" line="127" assertions="1" time="0.003001"/>
      <testsuite name="test\eLife\ApiSdk\Serializer\Reference\WebReferenceNormalizerTest::it_can_denormalize_web_references" tests="4" assertions="4" failures="0" errors="0" time="0.011595">
        <testcase name="it_can_denormalize_web_references with data set &quot;web reference&quot;" assertions="1" time="0.002976"/>
        <testcase name="it_can_denormalize_web_references with data set &quot;reference that is a web page&quot;" assertions="1" time="0.002845"/>
        <testcase name="it_can_denormalize_web_references with data set &quot;reference that isn't a web page&quot;" assertions="1" time="0.002851"/>
        <testcase name="it_can_denormalize_web_references with data set &quot;non-web reference&quot;" assertions="1" time="0.002923"/>
      </testsuite>
      <testsuite name="test\eLife\ApiSdk\Serializer\Reference\WebReferenceNormalizerTest::it_denormalize_web_references" tests="2" assertions="2" failures="0" errors="0" time="0.008280">
        <testcase name="it_denormalize_web_references with data set &quot;complete&quot;" assertions="1" time="0.003951"/>
        <testcase name="it_denormalize_web_references with data set &quot;minimum&quot;" assertions="1" time="0.004329"/>
      </testsuite>
    </testsuite>
    <testsuite name="test\eLife\ApiSdk\Serializer\SearchSubjectsNormalizerTest" file="/home/giorgio/code/api-sdk-php/test/Serializer/SearchSubjectsNormalizerTest.php" tests="9" assertions="58" failures="0" errors="0" time="0.055085">
      <testcase name="it_is_a_normalizer" class="test\eLife\ApiSdk\Serializer\SearchSubjectsNormalizerTest" file="/home/giorgio/code/api-sdk-php/test/Serializer/SearchSubjectsNormalizerTest.php" line="34" assertions="1" time="0.004019"/>
      <testsuite name="test\eLife\ApiSdk\Serializer\SearchSubjectsNormalizerTest::it_can_normalize_search_subjects" tests="3" assertions="3" failures="0" errors="0" time="0.011091">
        <testcase name="it_can_normalize_search_subjects with data set &quot;subject&quot;" assertions="1" time="0.003719"/>
        <testcase name="it_can_normalize_search_subjects with data set &quot;subject with format&quot;" assertions="1" time="0.003664"/>
        <testcase name="it_can_normalize_search_subjects with data set &quot;non-subject&quot;" assertions="1" time="0.003708"/>
      </testsuite>
      <testsuite name="test\eLife\ApiSdk\Serializer\SearchSubjectsNormalizerTest::it_normalize_search_subjects" tests="1" assertions="1" failures="0" errors="0" time="0.003788">
        <testcase name="it_normalize_search_subjects with data set &quot;complete&quot;" assertions="1" time="0.003788"/>
      </testsuite>
      <testcase name="it_is_a_denormalizer" class="test\eLife\ApiSdk\Serializer\SearchSubjectsNormalizerTest" file="/home/giorgio/code/api-sdk-php/test/Serializer/SearchSubjectsNormalizerTest.php" line="77" assertions="1" time="0.003524"/>
      <testsuite name="test\eLife\ApiSdk\Serializer\SearchSubjectsNormalizerTest::it_can_denormalize_subjects" tests="2" assertions="2" failures="0" errors="0" time="0.006514">
        <testcase name="it_can_denormalize_subjects with data set &quot;subject&quot;" assertions="1" time="0.003423"/>
        <testcase name="it_can_denormalize_subjects with data set &quot;non-subject&quot;" assertions="1" time="0.003091"/>
      </testsuite>
      <testsuite name="test\eLife\ApiSdk\Serializer\SearchSubjectsNormalizerTest::it_denormalize_subjects" tests="1" assertions="50" failures="0" errors="0" time="0.026149">
        <testcase name="it_denormalize_subjects with data set &quot;complete&quot;" assertions="50" time="0.026149"/>
      </testsuite>
    </testsuite>
    <testsuite name="test\eLife\ApiSdk\Serializer\SubjectNormalizerTest" file="/home/giorgio/code/api-sdk-php/test/Serializer/SubjectNormalizerTest.php" tests="13" assertions="136" failures="0" errors="0" time="0.055510">
      <testcase name="it_is_a_normalizer" class="test\eLife\ApiSdk\Serializer\SubjectNormalizerTest" file="/home/giorgio/code/api-sdk-php/test/Serializer/SubjectNormalizerTest.php" line="35" assertions="1" time="0.003068"/>
      <testsuite name="test\eLife\ApiSdk\Serializer\SubjectNormalizerTest::it_can_normalize_subjects" tests="3" assertions="3" failures="0" errors="0" time="0.009717">
        <testcase name="it_can_normalize_subjects with data set &quot;subject&quot;" assertions="1" time="0.002949"/>
        <testcase name="it_can_normalize_subjects with data set &quot;subject with format&quot;" assertions="1" time="0.002912"/>
        <testcase name="it_can_normalize_subjects with data set &quot;non-subject&quot;" assertions="1" time="0.003856"/>
      </testsuite>
      <testsuite name="test\eLife\ApiSdk\Serializer\SubjectNormalizerTest::it_normalize_subjects" tests="3" assertions="3" failures="0" errors="0" time="0.018748">
        <testcase name="it_normalize_subjects with data set &quot;complete&quot;" assertions="1" time="0.003340"/>
        <testcase name="it_normalize_subjects with data set &quot;minimum&quot;" assertions="1" time="0.002963"/>
        <testcase name="it_normalize_subjects with data set &quot;snippet&quot;" assertions="1" time="0.012445"/>
      </testsuite>
      <testcase name="it_is_a_denormalizer" class="test\eLife\ApiSdk\Serializer\SubjectNormalizerTest" file="/home/giorgio/code/api-sdk-php/test/Serializer/SubjectNormalizerTest.php" line="88" assertions="1" time="0.003062"/>
      <testsuite name="test\eLife\ApiSdk\Serializer\SubjectNormalizerTest::it_can_denormalize_subjects" tests="2" assertions="2" failures="0" errors="0" time="0.005953">
        <testcase name="it_can_denormalize_subjects with data set &quot;subject&quot;" assertions="1" time="0.002987"/>
        <testcase name="it_can_denormalize_subjects with data set &quot;non-subject&quot;" assertions="1" time="0.002966"/>
      </testsuite>
      <testsuite name="test\eLife\ApiSdk\Serializer\SubjectNormalizerTest::it_denormalize_subjects" tests="3" assertions="126" failures="0" errors="0" time="0.014962">
        <testcase name="it_denormalize_subjects with data set &quot;complete&quot;" assertions="42" time="0.003383"/>
        <testcase name="it_denormalize_subjects with data set &quot;minimum&quot;" assertions="42" time="0.003265"/>
        <testcase name="it_denormalize_subjects with data set &quot;snippet&quot;" assertions="42" time="0.008314"/>
      </testsuite>
    </testsuite>
  </testsuite>
</testsuites>
